{"D:\\attractor\\esdp\\back\\src\\config\\morganMiddleware.ts": {"path":"D:\\attractor\\esdp\\back\\src\\config\\morganMiddleware.ts","statementMap":{"0":{"start":{"line":1,"column":0},"end":{"line":1,"column":47}},"1":{"start":{"line":3,"column":0},"end":{"line":3,"column":35}},"2":{"start":{"line":5,"column":30},"end":{"line":7,"column":2}},"3":{"start":{"line":6,"column":24},"end":{"line":6,"column":44}},"4":{"start":{"line":9,"column":13},"end":{"line":12,"column":1}},"5":{"start":{"line":10,"column":16},"end":{"line":10,"column":53}},"6":{"start":{"line":11,"column":4},"end":{"line":11,"column":33}},"7":{"start":{"line":14,"column":25},"end":{"line":17,"column":null}},"8":{"start":{"line":20,"column":0},"end":{"line":20,"column":32}}},"fnMap":{"0":{"name":"(anonymous_1)","decl":{"start":{"line":6,"column":11},"end":{"line":6,"column":12}},"loc":{"start":{"line":6,"column":24},"end":{"line":6,"column":44}}},"1":{"name":"(anonymous_2)","decl":{"start":{"line":9,"column":13},"end":{"line":9,"column":16}},"loc":{"start":{"line":9,"column":18},"end":{"line":12,"column":1}}}},"branchMap":{"0":{"loc":{"start":{"line":10,"column":16},"end":{"line":10,"column":53}},"type":"binary-expr","locations":[{"start":{"line":10,"column":16},"end":{"line":10,"column":36}},{"start":{"line":10,"column":40},"end":{"line":10,"column":53}}]}},"s":{"0":1,"1":1,"2":1,"3":0,"4":1,"5":1,"6":1,"7":1,"8":1},"f":{"0":0,"1":1},"b":{"0":[1,0]}}
,"D:\\attractor\\esdp\\back\\src\\controllers\\usersController.ts": {"path":"D:\\attractor\\esdp\\back\\src\\controllers\\usersController.ts","statementMap":{"0":{"start":{"line":1,"column":0},"end":{"line":1,"column":61}},"1":{"start":{"line":6,"column":0},"end":{"line":6,"column":58}},"2":{"start":{"line":7,"column":0},"end":{"line":7,"column":54}},"3":{"start":{"line":8,"column":0},"end":{"line":8,"column":41}},"4":{"start":{"line":10,"column":0},"end":{"line":10,"column":63}},"5":{"start":{"line":30,"column":11},"end":{"line":32,"column":6}},"6":{"start":{"line":31,"column":8},"end":{"line":31,"column":27}},"7":{"start":{"line":34,"column":12},"end":{"line":40,"column":6}},"8":{"start":{"line":35,"column":20},"end":{"line":35,"column":55}},"9":{"start":{"line":36,"column":21},"end":{"line":36,"column":85}},"10":{"start":{"line":37,"column":83},"end":{"line":38,"column":97}},"11":{"start":{"line":39,"column":8},"end":{"line":39,"column":58}},"12":{"start":{"line":42,"column":12},"end":{"line":47,"column":6}},"13":{"start":{"line":43,"column":20},"end":{"line":43,"column":55}},"14":{"start":{"line":44,"column":21},"end":{"line":44,"column":85}},"15":{"start":{"line":45,"column":58},"end":{"line":45,"column":115}},"16":{"start":{"line":46,"column":8},"end":{"line":46,"column":58}},"17":{"start":{"line":49,"column":12},"end":{"line":52,"column":6}},"18":{"start":{"line":50,"column":58},"end":{"line":50,"column":98}},"19":{"start":{"line":51,"column":8},"end":{"line":51,"column":58}},"20":{"start":{"line":54,"column":12},"end":{"line":59,"column":6}},"21":{"start":{"line":55,"column":20},"end":{"line":55,"column":55}},"22":{"start":{"line":56,"column":21},"end":{"line":56,"column":85}},"23":{"start":{"line":57,"column":58},"end":{"line":57,"column":113}},"24":{"start":{"line":58,"column":8},"end":{"line":58,"column":58}},"25":{"start":{"line":61,"column":12},"end":{"line":64,"column":6}},"26":{"start":{"line":62,"column":67},"end":{"line":62,"column":104}},"27":{"start":{"line":63,"column":8},"end":{"line":63,"column":58}},"28":{"start":{"line":66,"column":12},"end":{"line":71,"column":6}},"29":{"start":{"line":67,"column":20},"end":{"line":67,"column":55}},"30":{"start":{"line":68,"column":21},"end":{"line":68,"column":85}},"31":{"start":{"line":69,"column":58},"end":{"line":69,"column":122}},"32":{"start":{"line":70,"column":8},"end":{"line":70,"column":58}},"33":{"start":{"line":73,"column":12},"end":{"line":76,"column":6}},"34":{"start":{"line":74,"column":46},"end":{"line":74,"column":89}},"35":{"start":{"line":75,"column":8},"end":{"line":75,"column":58}},"36":{"start":{"line":78,"column":12},"end":{"line":83,"column":6}},"37":{"start":{"line":79,"column":20},"end":{"line":79,"column":55}},"38":{"start":{"line":80,"column":21},"end":{"line":80,"column":85}},"39":{"start":{"line":81,"column":58},"end":{"line":81,"column":113}},"40":{"start":{"line":82,"column":8},"end":{"line":82,"column":58}},"41":{"start":{"line":17,"column":8},"end":{"line":17,"column":39}},"42":{"start":{"line":18,"column":8},"end":{"line":18,"column":42}},"43":{"start":{"line":19,"column":8},"end":{"line":19,"column":45}},"44":{"start":{"line":20,"column":8},"end":{"line":20,"column":119}},"45":{"start":{"line":21,"column":8},"end":{"line":21,"column":47}},"46":{"start":{"line":22,"column":8},"end":{"line":22,"column":91}},"47":{"start":{"line":23,"column":8},"end":{"line":23,"column":64}},"48":{"start":{"line":24,"column":8},"end":{"line":24,"column":126}},"49":{"start":{"line":25,"column":8},"end":{"line":25,"column":60}},"50":{"start":{"line":26,"column":8},"end":{"line":26,"column":103}},"51":{"start":{"line":27,"column":8},"end":{"line":27,"column":34}},"52":{"start":{"line":13,"column":0},"end":{"line":13,"column":13}}},"fnMap":{"0":{"name":"(anonymous_1)","decl":{"start":{"line":16,"column":4},"end":{"line":16,"column":null}},"loc":{"start":{"line":16,"column":4},"end":{"line":28,"column":5}}},"1":{"name":"(anonymous_2)","decl":{"start":{"line":30,"column":23},"end":{"line":30,"column":34}},"loc":{"start":{"line":30,"column":36},"end":{"line":32,"column":5}}},"2":{"name":"(anonymous_3)","decl":{"start":{"line":34,"column":23},"end":{"line":34,"column":28}},"loc":{"start":{"line":34,"column":83},"end":{"line":40,"column":5}}},"3":{"name":"(anonymous_4)","decl":{"start":{"line":42,"column":26},"end":{"line":42,"column":31}},"loc":{"start":{"line":42,"column":86},"end":{"line":47,"column":5}}},"4":{"name":"(anonymous_5)","decl":{"start":{"line":49,"column":23},"end":{"line":49,"column":28}},"loc":{"start":{"line":49,"column":76},"end":{"line":52,"column":5}}},"5":{"name":"(anonymous_6)","decl":{"start":{"line":54,"column":29},"end":{"line":54,"column":34}},"loc":{"start":{"line":54,"column":89},"end":{"line":59,"column":5}}},"6":{"name":"(anonymous_7)","decl":{"start":{"line":61,"column":20},"end":{"line":61,"column":25}},"loc":{"start":{"line":61,"column":73},"end":{"line":64,"column":5}}},"7":{"name":"(anonymous_8)","decl":{"start":{"line":66,"column":23},"end":{"line":66,"column":28}},"loc":{"start":{"line":66,"column":83},"end":{"line":71,"column":5}}},"8":{"name":"(anonymous_9)","decl":{"start":{"line":73,"column":26},"end":{"line":73,"column":31}},"loc":{"start":{"line":73,"column":79},"end":{"line":76,"column":5}}},"9":{"name":"(anonymous_10)","decl":{"start":{"line":78,"column":24},"end":{"line":78,"column":29}},"loc":{"start":{"line":78,"column":84},"end":{"line":83,"column":5}}}},"branchMap":{},"s":{"0":1,"1":1,"2":1,"3":1,"4":1,"5":1,"6":1,"7":1,"8":0,"9":0,"10":0,"11":0,"12":1,"13":0,"14":0,"15":0,"16":0,"17":1,"18":1,"19":1,"20":1,"21":0,"22":0,"23":0,"24":0,"25":1,"26":0,"27":0,"28":1,"29":0,"30":0,"31":0,"32":0,"33":1,"34":0,"35":0,"36":1,"37":0,"38":0,"39":0,"40":0,"41":1,"42":1,"43":1,"44":1,"45":1,"46":1,"47":1,"48":1,"49":1,"50":1,"51":1,"52":1},"f":{"0":1,"1":1,"2":0,"3":0,"4":1,"5":0,"6":0,"7":0,"8":0,"9":0},"b":{}}
,"D:\\attractor\\esdp\\back\\src\\enums\\EErrorMessages.ts": {"path":"D:\\attractor\\esdp\\back\\src\\enums\\EErrorMessages.ts","statementMap":{"0":{"start":{"line":1,"column":0},"end":{"line":1,"column":null}},"1":{"start":{"line":2,"column":4},"end":{"line":2,"column":null}},"2":{"start":{"line":3,"column":4},"end":{"line":3,"column":null}},"3":{"start":{"line":4,"column":4},"end":{"line":4,"column":null}},"4":{"start":{"line":5,"column":4},"end":{"line":5,"column":null}},"5":{"start":{"line":6,"column":4},"end":{"line":6,"column":null}},"6":{"start":{"line":7,"column":4},"end":{"line":7,"column":null}},"7":{"start":{"line":8,"column":4},"end":{"line":8,"column":null}},"8":{"start":{"line":9,"column":4},"end":{"line":9,"column":null}},"9":{"start":{"line":10,"column":4},"end":{"line":10,"column":null}},"10":{"start":{"line":11,"column":4},"end":{"line":11,"column":null}},"11":{"start":{"line":12,"column":4},"end":{"line":12,"column":null}},"12":{"start":{"line":13,"column":4},"end":{"line":13,"column":null}},"13":{"start":{"line":14,"column":4},"end":{"line":14,"column":null}},"14":{"start":{"line":15,"column":4},"end":{"line":15,"column":null}},"15":{"start":{"line":16,"column":4},"end":{"line":16,"column":null}},"16":{"start":{"line":17,"column":4},"end":{"line":17,"column":null}},"17":{"start":{"line":18,"column":4},"end":{"line":18,"column":null}},"18":{"start":{"line":19,"column":4},"end":{"line":19,"column":null}},"19":{"start":{"line":20,"column":4},"end":{"line":20,"column":null}},"20":{"start":{"line":21,"column":4},"end":{"line":21,"column":null}},"21":{"start":{"line":22,"column":4},"end":{"line":22,"column":null}},"22":{"start":{"line":23,"column":4},"end":{"line":23,"column":null}},"23":{"start":{"line":24,"column":4},"end":{"line":24,"column":null}},"24":{"start":{"line":25,"column":4},"end":{"line":25,"column":null}},"25":{"start":{"line":26,"column":4},"end":{"line":26,"column":null}},"26":{"start":{"line":27,"column":4},"end":{"line":27,"column":null}},"27":{"start":{"line":28,"column":4},"end":{"line":28,"column":null}},"28":{"start":{"line":29,"column":4},"end":{"line":29,"column":null}},"29":{"start":{"line":30,"column":4},"end":{"line":30,"column":null}}},"fnMap":{"0":{"name":"(anonymous_0)","decl":{"start":{"line":1,"column":0},"end":{"line":1,"column":12}},"loc":{"start":{"line":1,"column":26},"end":{"line":31,"column":1}}}},"branchMap":{"0":{"loc":{"start":{"line":1,"column":12},"end":{"line":1,"column":null}},"type":"binary-expr","locations":[{"start":{"line":1,"column":12},"end":{"line":1,"column":26}},{"start":{"line":1,"column":12},"end":{"line":1,"column":null}}]}},"s":{"0":1,"1":1,"2":1,"3":1,"4":1,"5":1,"6":1,"7":1,"8":1,"9":1,"10":1,"11":1,"12":1,"13":1,"14":1,"15":1,"16":1,"17":1,"18":1,"19":1,"20":1,"21":1,"22":1,"23":1,"24":1,"25":1,"26":1,"27":1,"28":1,"29":1},"f":{"0":1},"b":{"0":[1,1]}}
,"D:\\attractor\\esdp\\back\\src\\enums\\EPaymentType.ts": {"path":"D:\\attractor\\esdp\\back\\src\\enums\\EPaymentType.ts","statementMap":{"0":{"start":{"line":1,"column":0},"end":{"line":1,"column":null}},"1":{"start":{"line":2,"column":4},"end":{"line":2,"column":null}},"2":{"start":{"line":3,"column":4},"end":{"line":3,"column":null}}},"fnMap":{"0":{"name":"(anonymous_0)","decl":{"start":{"line":1,"column":0},"end":{"line":1,"column":12}},"loc":{"start":{"line":1,"column":24},"end":{"line":4,"column":1}}}},"branchMap":{"0":{"loc":{"start":{"line":1,"column":12},"end":{"line":1,"column":null}},"type":"binary-expr","locations":[{"start":{"line":1,"column":12},"end":{"line":1,"column":24}},{"start":{"line":1,"column":12},"end":{"line":1,"column":null}}]}},"s":{"0":1,"1":1,"2":1},"f":{"0":1},"b":{"0":[1,1]}}
,"D:\\attractor\\esdp\\back\\src\\enums\\ERoles.ts": {"path":"D:\\attractor\\esdp\\back\\src\\enums\\ERoles.ts","statementMap":{"0":{"start":{"line":1,"column":0},"end":{"line":1,"column":null}},"1":{"start":{"line":2,"column":4},"end":{"line":2,"column":null}},"2":{"start":{"line":3,"column":4},"end":{"line":3,"column":null}},"3":{"start":{"line":4,"column":4},"end":{"line":4,"column":null}},"4":{"start":{"line":5,"column":4},"end":{"line":5,"column":null}}},"fnMap":{"0":{"name":"(anonymous_0)","decl":{"start":{"line":1,"column":0},"end":{"line":1,"column":12}},"loc":{"start":{"line":1,"column":18},"end":{"line":6,"column":1}}}},"branchMap":{"0":{"loc":{"start":{"line":1,"column":12},"end":{"line":1,"column":null}},"type":"binary-expr","locations":[{"start":{"line":1,"column":12},"end":{"line":1,"column":18}},{"start":{"line":1,"column":12},"end":{"line":1,"column":null}}]}},"s":{"0":1,"1":1,"2":1,"3":1,"4":1},"f":{"0":1},"b":{"0":[1,1]}}
,"D:\\attractor\\esdp\\back\\src\\enums\\ESex.ts": {"path":"D:\\attractor\\esdp\\back\\src\\enums\\ESex.ts","statementMap":{"0":{"start":{"line":1,"column":0},"end":{"line":1,"column":null}},"1":{"start":{"line":2,"column":4},"end":{"line":2,"column":null}},"2":{"start":{"line":3,"column":4},"end":{"line":3,"column":null}}},"fnMap":{"0":{"name":"(anonymous_0)","decl":{"start":{"line":1,"column":0},"end":{"line":1,"column":12}},"loc":{"start":{"line":1,"column":16},"end":{"line":4,"column":1}}}},"branchMap":{"0":{"loc":{"start":{"line":1,"column":12},"end":{"line":1,"column":null}},"type":"binary-expr","locations":[{"start":{"line":1,"column":12},"end":{"line":1,"column":16}},{"start":{"line":1,"column":12},"end":{"line":1,"column":null}}]}},"s":{"0":1,"1":1,"2":1},"f":{"0":1},"b":{"0":[1,1]}}
,"D:\\attractor\\esdp\\back\\src\\enums\\EVisitReasons.ts": {"path":"D:\\attractor\\esdp\\back\\src\\enums\\EVisitReasons.ts","statementMap":{"0":{"start":{"line":1,"column":0},"end":{"line":1,"column":null}},"1":{"start":{"line":2,"column":4},"end":{"line":2,"column":null}},"2":{"start":{"line":3,"column":4},"end":{"line":3,"column":null}}},"fnMap":{"0":{"name":"(anonymous_0)","decl":{"start":{"line":1,"column":0},"end":{"line":1,"column":12}},"loc":{"start":{"line":1,"column":25},"end":{"line":4,"column":1}}}},"branchMap":{"0":{"loc":{"start":{"line":1,"column":12},"end":{"line":1,"column":null}},"type":"binary-expr","locations":[{"start":{"line":1,"column":12},"end":{"line":1,"column":25}},{"start":{"line":1,"column":12},"end":{"line":1,"column":null}}]}},"s":{"0":1,"1":1,"2":1},"f":{"0":1},"b":{"0":[1,1]}}
,"D:\\attractor\\esdp\\back\\src\\helpers\\checkPassword.ts": {"path":"D:\\attractor\\esdp\\back\\src\\helpers\\checkPassword.ts","statementMap":{"0":{"start":{"line":1,"column":0},"end":{"line":1,"column":28}},"1":{"start":{"line":4,"column":29},"end":{"line":6,"column":1}},"2":{"start":{"line":5,"column":4},"end":{"line":5,"column":61}},"3":{"start":{"line":4,"column":13},"end":{"line":4,"column":29}}},"fnMap":{"0":{"name":"(anonymous_1)","decl":{"start":{"line":4,"column":29},"end":{"line":4,"column":34}},"loc":{"start":{"line":4,"column":72},"end":{"line":6,"column":1}}}},"branchMap":{},"s":{"0":1,"1":1,"2":0,"3":1},"f":{"0":0},"b":{}}
,"D:\\attractor\\esdp\\back\\src\\helpers\\errorCodeMatcher.ts": {"path":"D:\\attractor\\esdp\\back\\src\\helpers\\errorCodeMatcher.ts","statementMap":{"0":{"start":{"line":1,"column":0},"end":{"line":1,"column":48}},"1":{"start":{"line":2,"column":0},"end":{"line":2,"column":57}},"2":{"start":{"line":8,"column":13},"end":{"line":32,"column":2}}},"fnMap":{},"branchMap":{},"s":{"0":1,"1":1,"2":1},"f":{},"b":{}}
,"D:\\attractor\\esdp\\back\\src\\helpers\\generateHash.ts": {"path":"D:\\attractor\\esdp\\back\\src\\helpers\\generateHash.ts","statementMap":{"0":{"start":{"line":1,"column":0},"end":{"line":1,"column":28}},"1":{"start":{"line":3,"column":28},"end":{"line":7,"column":1}},"2":{"start":{"line":4,"column":17},"end":{"line":4,"column":83}},"3":{"start":{"line":5,"column":17},"end":{"line":5,"column":50}},"4":{"start":{"line":6,"column":4},"end":{"line":6,"column":16}},"5":{"start":{"line":3,"column":13},"end":{"line":3,"column":28}}},"fnMap":{"0":{"name":"(anonymous_1)","decl":{"start":{"line":3,"column":28},"end":{"line":3,"column":33}},"loc":{"start":{"line":3,"column":72},"end":{"line":7,"column":1}}}},"branchMap":{"0":{"loc":{"start":{"line":4,"column":38},"end":{"line":4,"column":82}},"type":"binary-expr","locations":[{"start":{"line":4,"column":38},"end":{"line":4,"column":76}},{"start":{"line":4,"column":80},"end":{"line":4,"column":82}}]}},"s":{"0":1,"1":1,"2":1,"3":1,"4":1,"5":1},"f":{"0":1},"b":{"0":[1,0]}}
,"D:\\attractor\\esdp\\back\\src\\helpers\\generateJWT.ts": {"path":"D:\\attractor\\esdp\\back\\src\\helpers\\generateJWT.ts","statementMap":{"0":{"start":{"line":1,"column":0},"end":{"line":1,"column":31}},"1":{"start":{"line":4,"column":27},"end":{"line":6,"column":1}},"2":{"start":{"line":5,"column":4},"end":{"line":5,"column":79}},"3":{"start":{"line":4,"column":13},"end":{"line":4,"column":27}}},"fnMap":{"0":{"name":"(anonymous_1)","decl":{"start":{"line":4,"column":27},"end":{"line":4,"column":28}},"loc":{"start":{"line":4,"column":94},"end":{"line":6,"column":1}}}},"branchMap":{},"s":{"0":1,"1":1,"2":0,"3":1},"f":{"0":0},"b":{}}
,"D:\\attractor\\esdp\\back\\src\\helpers\\passwordValidation.ts": {"path":"D:\\attractor\\esdp\\back\\src\\helpers\\passwordValidation.ts","statementMap":{"0":{"start":{"line":1,"column":0},"end":{"line":1,"column":57}},"1":{"start":{"line":3,"column":34},"end":{"line":23,"column":1}},"2":{"start":{"line":4,"column":4},"end":{"line":6,"column":null}},"3":{"start":{"line":5,"column":8},"end":{"line":5,"column":52}},"4":{"start":{"line":8,"column":4},"end":{"line":10,"column":null}},"5":{"start":{"line":9,"column":8},"end":{"line":9,"column":63}},"6":{"start":{"line":12,"column":4},"end":{"line":14,"column":null}},"7":{"start":{"line":13,"column":8},"end":{"line":13,"column":71}},"8":{"start":{"line":16,"column":4},"end":{"line":18,"column":null}},"9":{"start":{"line":17,"column":8},"end":{"line":17,"column":69}},"10":{"start":{"line":20,"column":4},"end":{"line":22,"column":null}},"11":{"start":{"line":21,"column":8},"end":{"line":21,"column":63}},"12":{"start":{"line":3,"column":13},"end":{"line":3,"column":34}}},"fnMap":{"0":{"name":"(anonymous_0)","decl":{"start":{"line":3,"column":34},"end":{"line":3,"column":39}},"loc":{"start":{"line":3,"column":61},"end":{"line":23,"column":1}}}},"branchMap":{"0":{"loc":{"start":{"line":4,"column":4},"end":{"line":6,"column":null}},"type":"if","locations":[{"start":{"line":4,"column":4},"end":{"line":6,"column":null}}]},"1":{"loc":{"start":{"line":8,"column":4},"end":{"line":10,"column":null}},"type":"if","locations":[{"start":{"line":8,"column":4},"end":{"line":10,"column":null}}]},"2":{"loc":{"start":{"line":8,"column":8},"end":{"line":8,"column":50}},"type":"binary-expr","locations":[{"start":{"line":8,"column":8},"end":{"line":8,"column":27}},{"start":{"line":8,"column":31},"end":{"line":8,"column":50}}]},"3":{"loc":{"start":{"line":12,"column":4},"end":{"line":14,"column":null}},"type":"if","locations":[{"start":{"line":12,"column":4},"end":{"line":14,"column":null}}]},"4":{"loc":{"start":{"line":16,"column":4},"end":{"line":18,"column":null}},"type":"if","locations":[{"start":{"line":16,"column":4},"end":{"line":18,"column":null}}]},"5":{"loc":{"start":{"line":20,"column":4},"end":{"line":22,"column":null}},"type":"if","locations":[{"start":{"line":20,"column":4},"end":{"line":22,"column":null}}]}},"s":{"0":1,"1":1,"2":0,"3":0,"4":0,"5":0,"6":0,"7":0,"8":0,"9":0,"10":0,"11":0,"12":1},"f":{"0":0},"b":{"0":[0],"1":[0],"2":[0,0],"3":[0],"4":[0],"5":[0]}}
,"D:\\attractor\\esdp\\back\\src\\lib\\logger.ts": {"path":"D:\\attractor\\esdp\\back\\src\\lib\\logger.ts","statementMap":{"0":{"start":{"line":1,"column":0},"end":{"line":1,"column":30}},"1":{"start":{"line":3,"column":15},"end":{"line":9,"column":2}},"2":{"start":{"line":11,"column":14},"end":{"line":15,"column":1}},"3":{"start":{"line":12,"column":16},"end":{"line":12,"column":53}},"4":{"start":{"line":13,"column":26},"end":{"line":13,"column":47}},"5":{"start":{"line":14,"column":4},"end":{"line":14,"column":44}},"6":{"start":{"line":17,"column":15},"end":{"line":23,"column":2}},"7":{"start":{"line":25,"column":0},"end":{"line":25,"column":26}},"8":{"start":{"line":27,"column":15},"end":{"line":32,"column":null}},"9":{"start":{"line":31,"column":18},"end":{"line":31,"column":68}},"10":{"start":{"line":35,"column":19},"end":{"line":42,"column":2}},"11":{"start":{"line":44,"column":15},"end":{"line":49,"column":2}},"12":{"start":{"line":51,"column":0},"end":{"line":51,"column":22}}},"fnMap":{"0":{"name":"(anonymous_1)","decl":{"start":{"line":11,"column":14},"end":{"line":11,"column":17}},"loc":{"start":{"line":11,"column":19},"end":{"line":15,"column":1}}},"1":{"name":"(anonymous_2)","decl":{"start":{"line":31,"column":8},"end":{"line":31,"column":9}},"loc":{"start":{"line":31,"column":18},"end":{"line":31,"column":68}}}},"branchMap":{"0":{"loc":{"start":{"line":12,"column":16},"end":{"line":12,"column":53}},"type":"binary-expr","locations":[{"start":{"line":12,"column":16},"end":{"line":12,"column":36}},{"start":{"line":12,"column":40},"end":{"line":12,"column":53}}]},"1":{"loc":{"start":{"line":14,"column":11},"end":{"line":14,"column":43}},"type":"cond-expr","locations":[{"start":{"line":14,"column":27},"end":{"line":14,"column":34}},{"start":{"line":14,"column":37},"end":{"line":14,"column":43}}]}},"s":{"0":1,"1":1,"2":1,"3":1,"4":1,"5":1,"6":1,"7":1,"8":1,"9":0,"10":1,"11":1,"12":1},"f":{"0":1,"1":0},"b":{"0":[1,0],"1":[0,1]}}
,"D:\\attractor\\esdp\\back\\src\\lib\\mailer.ts": {"path":"D:\\attractor\\esdp\\back\\src\\lib\\mailer.ts","statementMap":{"0":{"start":{"line":2,"column":0},"end":{"line":2,"column":48}},"1":{"start":{"line":3,"column":0},"end":{"line":3,"column":36}},"2":{"start":{"line":4,"column":0},"end":{"line":4,"column":28}},"3":{"start":{"line":5,"column":0},"end":{"line":5,"column":24}},"4":{"start":{"line":8,"column":0},"end":{"line":8,"column":16}},"5":{"start":{"line":11,"column":16},"end":{"line":11,"column":37}},"6":{"start":{"line":13,"column":17},"end":{"line":52,"column":1}},"7":{"start":{"line":14,"column":24},"end":{"line":22,"column":6}},"8":{"start":{"line":24,"column":24},"end":{"line":32,"column":6}},"9":{"start":{"line":34,"column":65},"end":{"line":40,"column":6}},"10":{"start":{"line":42,"column":4},"end":{"line":42,"column":54}},"11":{"start":{"line":44,"column":4},"end":{"line":51,"column":7}},"12":{"start":{"line":45,"column":8},"end":{"line":49,"column":null}},"13":{"start":{"line":46,"column":12},"end":{"line":46,"column":31}},"14":{"start":{"line":48,"column":12},"end":{"line":48,"column":66}},"15":{"start":{"line":50,"column":8},"end":{"line":50,"column":28}},"16":{"start":{"line":54,"column":0},"end":{"line":54,"column":24}}},"fnMap":{"0":{"name":"(anonymous_1)","decl":{"start":{"line":13,"column":17},"end":{"line":13,"column":22}},"loc":{"start":{"line":13,"column":39},"end":{"line":52,"column":1}}},"1":{"name":"(anonymous_2)","decl":{"start":{"line":44,"column":38},"end":{"line":44,"column":39}},"loc":{"start":{"line":44,"column":54},"end":{"line":51,"column":5}}}},"branchMap":{"0":{"loc":{"start":{"line":45,"column":8},"end":{"line":49,"column":null}},"type":"if","locations":[{"start":{"line":45,"column":8},"end":{"line":49,"column":null}},{"start":{"line":47,"column":15},"end":{"line":49,"column":null}}]}},"s":{"0":1,"1":1,"2":1,"3":1,"4":1,"5":1,"6":1,"7":1,"8":1,"9":1,"10":1,"11":1,"12":0,"13":0,"14":0,"15":0,"16":1},"f":{"0":1,"1":0},"b":{"0":[0,0]}}
,"D:\\attractor\\esdp\\back\\src\\middleware\\permission.ts": {"path":"D:\\attractor\\esdp\\back\\src\\middleware\\permission.ts","statementMap":{"0":{"start":{"line":3,"column":0},"end":{"line":3,"column":48}},"1":{"start":{"line":5,"column":0},"end":{"line":5,"column":31}},"2":{"start":{"line":7,"column":26},"end":{"line":21,"column":1}},"3":{"start":{"line":8,"column":4},"end":{"line":20,"column":6}},"4":{"start":{"line":9,"column":20},"end":{"line":9,"column":55}},"5":{"start":{"line":10,"column":8},"end":{"line":10,"column":45}},"6":{"start":{"line":10,"column":38},"end":{"line":10,"column":45}},"7":{"start":{"line":11,"column":8},"end":{"line":19,"column":null}},"8":{"start":{"line":12,"column":25},"end":{"line":12,"column":142}},"9":{"start":{"line":13,"column":12},"end":{"line":13,"column":96}},"10":{"start":{"line":13,"column":53},"end":{"line":13,"column":96}},"11":{"start":{"line":14,"column":12},"end":{"line":14,"column":37}},"12":{"start":{"line":15,"column":12},"end":{"line":15,"column":19}},"13":{"start":{"line":17,"column":26},"end":{"line":17,"column":38}},"14":{"start":{"line":18,"column":12},"end":{"line":18,"column":69}},"15":{"start":{"line":7,"column":13},"end":{"line":7,"column":26}}},"fnMap":{"0":{"name":"(anonymous_1)","decl":{"start":{"line":7,"column":26},"end":{"line":7,"column":27}},"loc":{"start":{"line":7,"column":47},"end":{"line":21,"column":1}}},"1":{"name":"(anonymous_2)","decl":{"start":{"line":8,"column":11},"end":{"line":8,"column":12}},"loc":{"start":{"line":8,"column":70},"end":{"line":20,"column":5}}}},"branchMap":{"0":{"loc":{"start":{"line":10,"column":8},"end":{"line":10,"column":45}},"type":"if","locations":[{"start":{"line":10,"column":8},"end":{"line":10,"column":45}}]},"1":{"loc":{"start":{"line":12,"column":36},"end":{"line":12,"column":66}},"type":"binary-expr","locations":[{"start":{"line":12,"column":36},"end":{"line":12,"column":60}},{"start":{"line":12,"column":64},"end":{"line":12,"column":66}}]},"2":{"loc":{"start":{"line":12,"column":68},"end":{"line":12,"column":96}},"type":"binary-expr","locations":[{"start":{"line":12,"column":68},"end":{"line":12,"column":90}},{"start":{"line":12,"column":94},"end":{"line":12,"column":96}}]},"3":{"loc":{"start":{"line":13,"column":12},"end":{"line":13,"column":96}},"type":"if","locations":[{"start":{"line":13,"column":12},"end":{"line":13,"column":96}}]},"4":{"loc":{"start":{"line":13,"column":16},"end":{"line":13,"column":51}},"type":"binary-expr","locations":[{"start":{"line":13,"column":16},"end":{"line":13,"column":21}},{"start":{"line":13,"column":25},"end":{"line":13,"column":51}}]}},"s":{"0":1,"1":1,"2":1,"3":5,"4":0,"5":0,"6":0,"7":0,"8":0,"9":0,"10":0,"11":0,"12":0,"13":0,"14":0,"15":1},"f":{"0":5,"1":0},"b":{"0":[0],"1":[0,0],"2":[0,0],"3":[0],"4":[0,0]}}
,"D:\\attractor\\esdp\\back\\src\\models\\Allergy.ts": {"path":"D:\\attractor\\esdp\\back\\src\\models\\Allergy.ts","statementMap":{"0":{"start":{"line":1,"column":0},"end":{"line":1,"column":105}},"1":{"start":{"line":2,"column":0},"end":{"line":2,"column":32}},"2":{"start":{"line":9,"column":0},"end":{"line":45,"column":null}},"3":{"start":{"line":11,"column":8},"end":{"line":11,"column":null}},"4":{"start":{"line":10,"column":21},"end":{"line":10,"column":26}},"5":{"start":{"line":18,"column":8},"end":{"line":18,"column":null}},"6":{"start":{"line":26,"column":8},"end":{"line":26,"column":null}},"7":{"start":{"line":20,"column":22},"end":{"line":20,"column":27}},"8":{"start":{"line":32,"column":8},"end":{"line":32,"column":null}},"9":{"start":{"line":38,"column":8},"end":{"line":38,"column":null}},"10":{"start":{"line":44,"column":8},"end":{"line":44,"column":null}},"11":{"start":{"line":9,"column":13},"end":{"line":45,"column":null}},"12":{"start":{"line":9,"column":13},"end":{"line":9,"column":20}}},"fnMap":{"0":{"name":"(anonymous_2)","decl":{"start":{"line":10,"column":15},"end":{"line":10,"column":18}},"loc":{"start":{"line":10,"column":21},"end":{"line":10,"column":26}}},"1":{"name":"(anonymous_3)","decl":{"start":{"line":20,"column":16},"end":{"line":20,"column":19}},"loc":{"start":{"line":20,"column":22},"end":{"line":20,"column":27}}}},"branchMap":{},"s":{"0":1,"1":1,"2":1,"3":1,"4":2,"5":1,"6":1,"7":2,"8":1,"9":1,"10":1,"11":1,"12":1},"f":{"0":2,"1":2},"b":{}}
,"D:\\attractor\\esdp\\back\\src\\models\\Child.ts": {"path":"D:\\attractor\\esdp\\back\\src\\models\\Child.ts","statementMap":{"0":{"start":{"line":1,"column":0},"end":{"line":1,"column":122}},"1":{"start":{"line":2,"column":0},"end":{"line":2,"column":34}},"2":{"start":{"line":3,"column":0},"end":{"line":3,"column":37}},"3":{"start":{"line":4,"column":0},"end":{"line":4,"column":38}},"4":{"start":{"line":5,"column":0},"end":{"line":5,"column":36}},"5":{"start":{"line":6,"column":0},"end":{"line":6,"column":50}},"6":{"start":{"line":7,"column":0},"end":{"line":7,"column":44}},"7":{"start":{"line":8,"column":0},"end":{"line":8,"column":32}},"8":{"start":{"line":9,"column":0},"end":{"line":9,"column":44}},"9":{"start":{"line":10,"column":0},"end":{"line":10,"column":38}},"10":{"start":{"line":17,"column":0},"end":{"line":115,"column":null}},"11":{"start":{"line":19,"column":8},"end":{"line":19,"column":null}},"12":{"start":{"line":18,"column":19},"end":{"line":18,"column":27}},"13":{"start":{"line":22,"column":8},"end":{"line":22,"column":null}},"14":{"start":{"line":21,"column":19},"end":{"line":21,"column":26}},"15":{"start":{"line":25,"column":8},"end":{"line":25,"column":null}},"16":{"start":{"line":24,"column":19},"end":{"line":24,"column":33}},"17":{"start":{"line":28,"column":8},"end":{"line":28,"column":null}},"18":{"start":{"line":27,"column":19},"end":{"line":27,"column":30}},"19":{"start":{"line":31,"column":8},"end":{"line":31,"column":null}},"20":{"start":{"line":30,"column":19},"end":{"line":30,"column":24}},"21":{"start":{"line":34,"column":8},"end":{"line":34,"column":null}},"22":{"start":{"line":33,"column":19},"end":{"line":33,"column":27}},"23":{"start":{"line":37,"column":8},"end":{"line":37,"column":null}},"24":{"start":{"line":36,"column":18},"end":{"line":36,"column":29}},"25":{"start":{"line":40,"column":8},"end":{"line":40,"column":null}},"26":{"start":{"line":39,"column":21},"end":{"line":39,"column":27}},"27":{"start":{"line":47,"column":8},"end":{"line":47,"column":null}},"28":{"start":{"line":55,"column":8},"end":{"line":55,"column":null}},"29":{"start":{"line":49,"column":22},"end":{"line":49,"column":28}},"30":{"start":{"line":61,"column":8},"end":{"line":61,"column":null}},"31":{"start":{"line":67,"column":8},"end":{"line":67,"column":null}},"32":{"start":{"line":73,"column":8},"end":{"line":73,"column":null}},"33":{"start":{"line":80,"column":8},"end":{"line":80,"column":null}},"34":{"start":{"line":86,"column":8},"end":{"line":86,"column":null}},"35":{"start":{"line":93,"column":8},"end":{"line":93,"column":null}},"36":{"start":{"line":100,"column":8},"end":{"line":100,"column":null}},"37":{"start":{"line":106,"column":8},"end":{"line":106,"column":null}},"38":{"start":{"line":114,"column":8},"end":{"line":114,"column":null}},"39":{"start":{"line":17,"column":13},"end":{"line":115,"column":null}},"40":{"start":{"line":17,"column":13},"end":{"line":17,"column":18}}},"fnMap":{"0":{"name":"(anonymous_2)","decl":{"start":{"line":18,"column":13},"end":{"line":18,"column":16}},"loc":{"start":{"line":18,"column":19},"end":{"line":18,"column":27}}},"1":{"name":"(anonymous_3)","decl":{"start":{"line":21,"column":13},"end":{"line":21,"column":16}},"loc":{"start":{"line":21,"column":19},"end":{"line":21,"column":26}}},"2":{"name":"(anonymous_4)","decl":{"start":{"line":24,"column":13},"end":{"line":24,"column":16}},"loc":{"start":{"line":24,"column":19},"end":{"line":24,"column":33}}},"3":{"name":"(anonymous_5)","decl":{"start":{"line":27,"column":13},"end":{"line":27,"column":16}},"loc":{"start":{"line":27,"column":19},"end":{"line":27,"column":30}}},"4":{"name":"(anonymous_6)","decl":{"start":{"line":30,"column":13},"end":{"line":30,"column":16}},"loc":{"start":{"line":30,"column":19},"end":{"line":30,"column":24}}},"5":{"name":"(anonymous_7)","decl":{"start":{"line":33,"column":13},"end":{"line":33,"column":16}},"loc":{"start":{"line":33,"column":19},"end":{"line":33,"column":27}}},"6":{"name":"(anonymous_8)","decl":{"start":{"line":36,"column":12},"end":{"line":36,"column":15}},"loc":{"start":{"line":36,"column":18},"end":{"line":36,"column":29}}},"7":{"name":"(anonymous_9)","decl":{"start":{"line":39,"column":15},"end":{"line":39,"column":18}},"loc":{"start":{"line":39,"column":21},"end":{"line":39,"column":27}}},"8":{"name":"(anonymous_10)","decl":{"start":{"line":49,"column":16},"end":{"line":49,"column":19}},"loc":{"start":{"line":49,"column":22},"end":{"line":49,"column":28}}}},"branchMap":{},"s":{"0":1,"1":1,"2":1,"3":1,"4":1,"5":1,"6":1,"7":1,"8":1,"9":1,"10":1,"11":1,"12":2,"13":1,"14":2,"15":1,"16":2,"17":1,"18":2,"19":1,"20":2,"21":1,"22":2,"23":1,"24":2,"25":1,"26":2,"27":1,"28":1,"29":2,"30":1,"31":1,"32":1,"33":1,"34":1,"35":1,"36":1,"37":1,"38":1,"39":1,"40":1},"f":{"0":2,"1":2,"2":2,"3":2,"4":2,"5":2,"6":2,"7":2,"8":2},"b":{}}
,"D:\\attractor\\esdp\\back\\src\\models\\Diploma.ts": {"path":"D:\\attractor\\esdp\\back\\src\\models\\Diploma.ts","statementMap":{"0":{"start":{"line":1,"column":0},"end":{"line":1,"column":105}},"1":{"start":{"line":2,"column":0},"end":{"line":2,"column":34}},"2":{"start":{"line":9,"column":0},"end":{"line":33,"column":null}},"3":{"start":{"line":11,"column":8},"end":{"line":11,"column":null}},"4":{"start":{"line":10,"column":21},"end":{"line":10,"column":27}},"5":{"start":{"line":18,"column":8},"end":{"line":18,"column":null}},"6":{"start":{"line":26,"column":8},"end":{"line":26,"column":null}},"7":{"start":{"line":20,"column":22},"end":{"line":20,"column":28}},"8":{"start":{"line":32,"column":8},"end":{"line":32,"column":null}},"9":{"start":{"line":9,"column":13},"end":{"line":33,"column":null}},"10":{"start":{"line":9,"column":13},"end":{"line":9,"column":20}}},"fnMap":{"0":{"name":"(anonymous_2)","decl":{"start":{"line":10,"column":15},"end":{"line":10,"column":18}},"loc":{"start":{"line":10,"column":21},"end":{"line":10,"column":27}}},"1":{"name":"(anonymous_3)","decl":{"start":{"line":20,"column":16},"end":{"line":20,"column":19}},"loc":{"start":{"line":20,"column":22},"end":{"line":20,"column":28}}}},"branchMap":{},"s":{"0":1,"1":1,"2":1,"3":1,"4":2,"5":1,"6":1,"7":2,"8":1,"9":1,"10":1},"f":{"0":2,"1":2},"b":{}}
,"D:\\attractor\\esdp\\back\\src\\models\\Doctor.ts": {"path":"D:\\attractor\\esdp\\back\\src\\models\\Doctor.ts","statementMap":{"0":{"start":{"line":1,"column":0},"end":{"line":1,"column":114}},"1":{"start":{"line":2,"column":0},"end":{"line":2,"column":30}},"2":{"start":{"line":3,"column":0},"end":{"line":3,"column":36}},"3":{"start":{"line":4,"column":0},"end":{"line":4,"column":38}},"4":{"start":{"line":5,"column":0},"end":{"line":5,"column":34}},"5":{"start":{"line":6,"column":0},"end":{"line":6,"column":50}},"6":{"start":{"line":13,"column":0},"end":{"line":102,"column":null}},"7":{"start":{"line":15,"column":8},"end":{"line":15,"column":null}},"8":{"start":{"line":14,"column":19},"end":{"line":14,"column":26}},"9":{"start":{"line":18,"column":8},"end":{"line":18,"column":null}},"10":{"start":{"line":17,"column":19},"end":{"line":17,"column":27}},"11":{"start":{"line":21,"column":8},"end":{"line":21,"column":null}},"12":{"start":{"line":20,"column":19},"end":{"line":20,"column":25}},"13":{"start":{"line":24,"column":8},"end":{"line":24,"column":null}},"14":{"start":{"line":23,"column":19},"end":{"line":23,"column":33}},"15":{"start":{"line":27,"column":8},"end":{"line":27,"column":null}},"16":{"start":{"line":26,"column":21},"end":{"line":26,"column":25}},"17":{"start":{"line":34,"column":8},"end":{"line":34,"column":null}},"18":{"start":{"line":42,"column":8},"end":{"line":42,"column":null}},"19":{"start":{"line":36,"column":22},"end":{"line":36,"column":26}},"20":{"start":{"line":48,"column":8},"end":{"line":48,"column":null}},"21":{"start":{"line":55,"column":8},"end":{"line":55,"column":null}},"22":{"start":{"line":63,"column":8},"end":{"line":63,"column":null}},"23":{"start":{"line":74,"column":8},"end":{"line":74,"column":null}},"24":{"start":{"line":82,"column":8},"end":{"line":82,"column":null}},"25":{"start":{"line":89,"column":8},"end":{"line":89,"column":null}},"26":{"start":{"line":95,"column":8},"end":{"line":95,"column":null}},"27":{"start":{"line":101,"column":8},"end":{"line":101,"column":null}},"28":{"start":{"line":13,"column":13},"end":{"line":102,"column":null}},"29":{"start":{"line":13,"column":13},"end":{"line":13,"column":19}}},"fnMap":{"0":{"name":"(anonymous_2)","decl":{"start":{"line":14,"column":13},"end":{"line":14,"column":16}},"loc":{"start":{"line":14,"column":19},"end":{"line":14,"column":26}}},"1":{"name":"(anonymous_3)","decl":{"start":{"line":17,"column":13},"end":{"line":17,"column":16}},"loc":{"start":{"line":17,"column":19},"end":{"line":17,"column":27}}},"2":{"name":"(anonymous_4)","decl":{"start":{"line":20,"column":13},"end":{"line":20,"column":16}},"loc":{"start":{"line":20,"column":19},"end":{"line":20,"column":25}}},"3":{"name":"(anonymous_5)","decl":{"start":{"line":23,"column":13},"end":{"line":23,"column":16}},"loc":{"start":{"line":23,"column":19},"end":{"line":23,"column":33}}},"4":{"name":"(anonymous_6)","decl":{"start":{"line":26,"column":15},"end":{"line":26,"column":18}},"loc":{"start":{"line":26,"column":21},"end":{"line":26,"column":25}}},"5":{"name":"(anonymous_7)","decl":{"start":{"line":36,"column":16},"end":{"line":36,"column":19}},"loc":{"start":{"line":36,"column":22},"end":{"line":36,"column":26}}}},"branchMap":{},"s":{"0":1,"1":1,"2":1,"3":1,"4":1,"5":1,"6":1,"7":1,"8":2,"9":1,"10":2,"11":1,"12":2,"13":1,"14":2,"15":1,"16":2,"17":1,"18":1,"19":2,"20":1,"21":1,"22":1,"23":1,"24":1,"25":1,"26":1,"27":1,"28":1,"29":1},"f":{"0":2,"1":2,"2":2,"3":2,"4":2,"5":2},"b":{}}
,"D:\\attractor\\esdp\\back\\src\\models\\Document.ts": {"path":"D:\\attractor\\esdp\\back\\src\\models\\Document.ts","statementMap":{"0":{"start":{"line":1,"column":0},"end":{"line":1,"column":105}},"1":{"start":{"line":2,"column":0},"end":{"line":2,"column":32}},"2":{"start":{"line":9,"column":0},"end":{"line":40,"column":null}},"3":{"start":{"line":11,"column":8},"end":{"line":11,"column":null}},"4":{"start":{"line":10,"column":21},"end":{"line":10,"column":26}},"5":{"start":{"line":18,"column":8},"end":{"line":18,"column":null}},"6":{"start":{"line":26,"column":8},"end":{"line":26,"column":null}},"7":{"start":{"line":20,"column":22},"end":{"line":20,"column":27}},"8":{"start":{"line":33,"column":8},"end":{"line":33,"column":null}},"9":{"start":{"line":39,"column":8},"end":{"line":39,"column":null}},"10":{"start":{"line":9,"column":13},"end":{"line":40,"column":null}},"11":{"start":{"line":9,"column":13},"end":{"line":9,"column":21}}},"fnMap":{"0":{"name":"(anonymous_2)","decl":{"start":{"line":10,"column":15},"end":{"line":10,"column":18}},"loc":{"start":{"line":10,"column":21},"end":{"line":10,"column":26}}},"1":{"name":"(anonymous_3)","decl":{"start":{"line":20,"column":16},"end":{"line":20,"column":19}},"loc":{"start":{"line":20,"column":22},"end":{"line":20,"column":27}}}},"branchMap":{},"s":{"0":1,"1":1,"2":1,"3":1,"4":2,"5":1,"6":1,"7":2,"8":1,"9":1,"10":1,"11":1},"f":{"0":2,"1":2},"b":{}}
,"D:\\attractor\\esdp\\back\\src\\models\\Message.ts": {"path":"D:\\attractor\\esdp\\back\\src\\models\\Message.ts","statementMap":{"0":{"start":{"line":1,"column":0},"end":{"line":1,"column":105}},"1":{"start":{"line":2,"column":0},"end":{"line":2,"column":30}},"2":{"start":{"line":3,"column":0},"end":{"line":3,"column":38}},"3":{"start":{"line":10,"column":0},"end":{"line":56,"column":null}},"4":{"start":{"line":12,"column":8},"end":{"line":12,"column":null}},"5":{"start":{"line":11,"column":21},"end":{"line":11,"column":29}},"6":{"start":{"line":19,"column":8},"end":{"line":19,"column":null}},"7":{"start":{"line":27,"column":8},"end":{"line":27,"column":null}},"8":{"start":{"line":21,"column":22},"end":{"line":21,"column":26}},"9":{"start":{"line":35,"column":8},"end":{"line":35,"column":null}},"10":{"start":{"line":43,"column":8},"end":{"line":43,"column":null}},"11":{"start":{"line":37,"column":22},"end":{"line":37,"column":30}},"12":{"start":{"line":49,"column":8},"end":{"line":49,"column":null}},"13":{"start":{"line":55,"column":8},"end":{"line":55,"column":null}},"14":{"start":{"line":10,"column":13},"end":{"line":56,"column":null}},"15":{"start":{"line":10,"column":13},"end":{"line":10,"column":20}}},"fnMap":{"0":{"name":"(anonymous_2)","decl":{"start":{"line":11,"column":15},"end":{"line":11,"column":18}},"loc":{"start":{"line":11,"column":21},"end":{"line":11,"column":29}}},"1":{"name":"(anonymous_3)","decl":{"start":{"line":21,"column":16},"end":{"line":21,"column":19}},"loc":{"start":{"line":21,"column":22},"end":{"line":21,"column":26}}},"2":{"name":"(anonymous_4)","decl":{"start":{"line":37,"column":16},"end":{"line":37,"column":19}},"loc":{"start":{"line":37,"column":22},"end":{"line":37,"column":30}}}},"branchMap":{},"s":{"0":1,"1":1,"2":1,"3":1,"4":1,"5":2,"6":1,"7":1,"8":5,"9":1,"10":1,"11":2,"12":1,"13":1,"14":1,"15":1},"f":{"0":2,"1":5,"2":2},"b":{}}
,"D:\\attractor\\esdp\\back\\src\\models\\NewbornData.ts": {"path":"D:\\attractor\\esdp\\back\\src\\models\\NewbornData.ts","statementMap":{"0":{"start":{"line":1,"column":0},"end":{"line":1,"column":107}},"1":{"start":{"line":2,"column":0},"end":{"line":2,"column":32}},"2":{"start":{"line":9,"column":0},"end":{"line":269,"column":null}},"3":{"start":{"line":11,"column":8},"end":{"line":11,"column":null}},"4":{"start":{"line":10,"column":21},"end":{"line":10,"column":26}},"5":{"start":{"line":18,"column":8},"end":{"line":18,"column":null}},"6":{"start":{"line":26,"column":8},"end":{"line":26,"column":null}},"7":{"start":{"line":20,"column":22},"end":{"line":20,"column":27}},"8":{"start":{"line":34,"column":8},"end":{"line":34,"column":null}},"9":{"start":{"line":42,"column":8},"end":{"line":42,"column":null}},"10":{"start":{"line":50,"column":8},"end":{"line":50,"column":null}},"11":{"start":{"line":58,"column":8},"end":{"line":58,"column":null}},"12":{"start":{"line":66,"column":8},"end":{"line":66,"column":null}},"13":{"start":{"line":74,"column":8},"end":{"line":74,"column":null}},"14":{"start":{"line":82,"column":8},"end":{"line":82,"column":null}},"15":{"start":{"line":90,"column":8},"end":{"line":90,"column":null}},"16":{"start":{"line":98,"column":8},"end":{"line":98,"column":null}},"17":{"start":{"line":105,"column":8},"end":{"line":105,"column":null}},"18":{"start":{"line":113,"column":8},"end":{"line":113,"column":null}},"19":{"start":{"line":121,"column":8},"end":{"line":121,"column":null}},"20":{"start":{"line":129,"column":8},"end":{"line":129,"column":null}},"21":{"start":{"line":137,"column":8},"end":{"line":137,"column":null}},"22":{"start":{"line":145,"column":8},"end":{"line":145,"column":null}},"23":{"start":{"line":153,"column":8},"end":{"line":153,"column":null}},"24":{"start":{"line":160,"column":8},"end":{"line":160,"column":null}},"25":{"start":{"line":168,"column":8},"end":{"line":168,"column":null}},"26":{"start":{"line":175,"column":8},"end":{"line":175,"column":null}},"27":{"start":{"line":182,"column":8},"end":{"line":182,"column":null}},"28":{"start":{"line":189,"column":8},"end":{"line":189,"column":null}},"29":{"start":{"line":196,"column":8},"end":{"line":196,"column":null}},"30":{"start":{"line":203,"column":8},"end":{"line":203,"column":null}},"31":{"start":{"line":210,"column":8},"end":{"line":210,"column":null}},"32":{"start":{"line":217,"column":8},"end":{"line":217,"column":null}},"33":{"start":{"line":224,"column":8},"end":{"line":224,"column":null}},"34":{"start":{"line":231,"column":8},"end":{"line":231,"column":null}},"35":{"start":{"line":238,"column":8},"end":{"line":238,"column":null}},"36":{"start":{"line":246,"column":8},"end":{"line":246,"column":null}},"37":{"start":{"line":253,"column":8},"end":{"line":253,"column":null}},"38":{"start":{"line":260,"column":8},"end":{"line":260,"column":null}},"39":{"start":{"line":268,"column":8},"end":{"line":268,"column":null}},"40":{"start":{"line":9,"column":13},"end":{"line":269,"column":null}},"41":{"start":{"line":9,"column":13},"end":{"line":9,"column":24}}},"fnMap":{"0":{"name":"(anonymous_2)","decl":{"start":{"line":10,"column":15},"end":{"line":10,"column":18}},"loc":{"start":{"line":10,"column":21},"end":{"line":10,"column":26}}},"1":{"name":"(anonymous_3)","decl":{"start":{"line":20,"column":16},"end":{"line":20,"column":19}},"loc":{"start":{"line":20,"column":22},"end":{"line":20,"column":27}}}},"branchMap":{},"s":{"0":1,"1":1,"2":1,"3":1,"4":2,"5":1,"6":1,"7":2,"8":1,"9":1,"10":1,"11":1,"12":1,"13":1,"14":1,"15":1,"16":1,"17":1,"18":1,"19":1,"20":1,"21":1,"22":1,"23":1,"24":1,"25":1,"26":1,"27":1,"28":1,"29":1,"30":1,"31":1,"32":1,"33":1,"34":1,"35":1,"36":1,"37":1,"38":1,"39":1,"40":1,"41":1},"f":{"0":2,"1":2},"b":{}}
,"D:\\attractor\\esdp\\back\\src\\models\\Parent.ts": {"path":"D:\\attractor\\esdp\\back\\src\\models\\Parent.ts","statementMap":{"0":{"start":{"line":1,"column":0},"end":{"line":1,"column":114}},"1":{"start":{"line":2,"column":0},"end":{"line":2,"column":30}},"2":{"start":{"line":3,"column":0},"end":{"line":3,"column":34}},"3":{"start":{"line":4,"column":0},"end":{"line":4,"column":32}},"4":{"start":{"line":5,"column":0},"end":{"line":5,"column":38}},"5":{"start":{"line":12,"column":0},"end":{"line":70,"column":null}},"6":{"start":{"line":14,"column":8},"end":{"line":14,"column":null}},"7":{"start":{"line":13,"column":19},"end":{"line":13,"column":24}},"8":{"start":{"line":17,"column":8},"end":{"line":17,"column":null}},"9":{"start":{"line":16,"column":19},"end":{"line":16,"column":27}},"10":{"start":{"line":20,"column":8},"end":{"line":20,"column":null}},"11":{"start":{"line":19,"column":21},"end":{"line":19,"column":25}},"12":{"start":{"line":23,"column":8},"end":{"line":23,"column":null}},"13":{"start":{"line":22,"column":21},"end":{"line":22,"column":27}},"14":{"start":{"line":30,"column":8},"end":{"line":30,"column":null}},"15":{"start":{"line":38,"column":8},"end":{"line":38,"column":null}},"16":{"start":{"line":32,"column":22},"end":{"line":32,"column":26}},"17":{"start":{"line":46,"column":8},"end":{"line":46,"column":null}},"18":{"start":{"line":40,"column":22},"end":{"line":40,"column":28}},"19":{"start":{"line":54,"column":8},"end":{"line":54,"column":null}},"20":{"start":{"line":62,"column":8},"end":{"line":62,"column":null}},"21":{"start":{"line":69,"column":8},"end":{"line":69,"column":null}},"22":{"start":{"line":12,"column":13},"end":{"line":70,"column":null}},"23":{"start":{"line":12,"column":13},"end":{"line":12,"column":19}}},"fnMap":{"0":{"name":"(anonymous_2)","decl":{"start":{"line":13,"column":13},"end":{"line":13,"column":16}},"loc":{"start":{"line":13,"column":19},"end":{"line":13,"column":24}}},"1":{"name":"(anonymous_3)","decl":{"start":{"line":16,"column":13},"end":{"line":16,"column":16}},"loc":{"start":{"line":16,"column":19},"end":{"line":16,"column":27}}},"2":{"name":"(anonymous_4)","decl":{"start":{"line":19,"column":15},"end":{"line":19,"column":18}},"loc":{"start":{"line":19,"column":21},"end":{"line":19,"column":25}}},"3":{"name":"(anonymous_5)","decl":{"start":{"line":22,"column":15},"end":{"line":22,"column":18}},"loc":{"start":{"line":22,"column":21},"end":{"line":22,"column":27}}},"4":{"name":"(anonymous_6)","decl":{"start":{"line":32,"column":16},"end":{"line":32,"column":19}},"loc":{"start":{"line":32,"column":22},"end":{"line":32,"column":26}}},"5":{"name":"(anonymous_7)","decl":{"start":{"line":40,"column":16},"end":{"line":40,"column":19}},"loc":{"start":{"line":40,"column":22},"end":{"line":40,"column":28}}}},"branchMap":{},"s":{"0":1,"1":1,"2":1,"3":1,"4":1,"5":1,"6":1,"7":2,"8":1,"9":2,"10":1,"11":2,"12":1,"13":2,"14":1,"15":1,"16":6,"17":1,"18":2,"19":1,"20":1,"21":1,"22":1,"23":1},"f":{"0":2,"1":2,"2":2,"3":2,"4":6,"5":2},"b":{}}
,"D:\\attractor\\esdp\\back\\src\\models\\Question.ts": {"path":"D:\\attractor\\esdp\\back\\src\\models\\Question.ts","statementMap":{"0":{"start":{"line":1,"column":0},"end":{"line":1,"column":114}},"1":{"start":{"line":2,"column":0},"end":{"line":2,"column":34}},"2":{"start":{"line":3,"column":0},"end":{"line":3,"column":32}},"3":{"start":{"line":4,"column":0},"end":{"line":4,"column":34}},"4":{"start":{"line":5,"column":0},"end":{"line":5,"column":36}},"5":{"start":{"line":12,"column":0},"end":{"line":77,"column":null}},"6":{"start":{"line":14,"column":8},"end":{"line":14,"column":null}},"7":{"start":{"line":13,"column":19},"end":{"line":13,"column":26}},"8":{"start":{"line":17,"column":8},"end":{"line":17,"column":null}},"9":{"start":{"line":16,"column":21},"end":{"line":16,"column":27}},"10":{"start":{"line":20,"column":8},"end":{"line":20,"column":null}},"11":{"start":{"line":19,"column":21},"end":{"line":19,"column":27}},"12":{"start":{"line":23,"column":8},"end":{"line":23,"column":null}},"13":{"start":{"line":22,"column":21},"end":{"line":22,"column":26}},"14":{"start":{"line":30,"column":8},"end":{"line":30,"column":null}},"15":{"start":{"line":38,"column":8},"end":{"line":38,"column":null}},"16":{"start":{"line":32,"column":22},"end":{"line":32,"column":28}},"17":{"start":{"line":46,"column":8},"end":{"line":46,"column":null}},"18":{"start":{"line":40,"column":22},"end":{"line":40,"column":27}},"19":{"start":{"line":54,"column":8},"end":{"line":54,"column":null}},"20":{"start":{"line":48,"column":22},"end":{"line":48,"column":28}},"21":{"start":{"line":62,"column":8},"end":{"line":62,"column":null}},"22":{"start":{"line":70,"column":8},"end":{"line":70,"column":null}},"23":{"start":{"line":76,"column":8},"end":{"line":76,"column":null}},"24":{"start":{"line":12,"column":13},"end":{"line":77,"column":null}},"25":{"start":{"line":12,"column":13},"end":{"line":12,"column":21}}},"fnMap":{"0":{"name":"(anonymous_2)","decl":{"start":{"line":13,"column":13},"end":{"line":13,"column":16}},"loc":{"start":{"line":13,"column":19},"end":{"line":13,"column":26}}},"1":{"name":"(anonymous_3)","decl":{"start":{"line":16,"column":15},"end":{"line":16,"column":18}},"loc":{"start":{"line":16,"column":21},"end":{"line":16,"column":27}}},"2":{"name":"(anonymous_4)","decl":{"start":{"line":19,"column":15},"end":{"line":19,"column":18}},"loc":{"start":{"line":19,"column":21},"end":{"line":19,"column":27}}},"3":{"name":"(anonymous_5)","decl":{"start":{"line":22,"column":15},"end":{"line":22,"column":18}},"loc":{"start":{"line":22,"column":21},"end":{"line":22,"column":26}}},"4":{"name":"(anonymous_6)","decl":{"start":{"line":32,"column":16},"end":{"line":32,"column":19}},"loc":{"start":{"line":32,"column":22},"end":{"line":32,"column":28}}},"5":{"name":"(anonymous_7)","decl":{"start":{"line":40,"column":16},"end":{"line":40,"column":19}},"loc":{"start":{"line":40,"column":22},"end":{"line":40,"column":27}}},"6":{"name":"(anonymous_8)","decl":{"start":{"line":48,"column":16},"end":{"line":48,"column":19}},"loc":{"start":{"line":48,"column":22},"end":{"line":48,"column":28}}}},"branchMap":{},"s":{"0":1,"1":1,"2":1,"3":1,"4":1,"5":1,"6":1,"7":2,"8":1,"9":2,"10":1,"11":2,"12":1,"13":2,"14":1,"15":1,"16":10,"17":1,"18":6,"19":1,"20":2,"21":1,"22":1,"23":1,"24":1,"25":1},"f":{"0":2,"1":2,"2":2,"3":2,"4":10,"5":6,"6":2},"b":{}}
,"D:\\attractor\\esdp\\back\\src\\models\\Recommendation.ts": {"path":"D:\\attractor\\esdp\\back\\src\\models\\Recommendation.ts","statementMap":{"0":{"start":{"line":1,"column":0},"end":{"line":1,"column":105}},"1":{"start":{"line":2,"column":0},"end":{"line":2,"column":34}},"2":{"start":{"line":9,"column":0},"end":{"line":47,"column":null}},"3":{"start":{"line":11,"column":8},"end":{"line":11,"column":null}},"4":{"start":{"line":10,"column":21},"end":{"line":10,"column":27}},"5":{"start":{"line":18,"column":8},"end":{"line":18,"column":null}},"6":{"start":{"line":26,"column":8},"end":{"line":26,"column":null}},"7":{"start":{"line":20,"column":22},"end":{"line":20,"column":28}},"8":{"start":{"line":32,"column":8},"end":{"line":32,"column":null}},"9":{"start":{"line":40,"column":8},"end":{"line":40,"column":null}},"10":{"start":{"line":46,"column":8},"end":{"line":46,"column":null}},"11":{"start":{"line":9,"column":13},"end":{"line":47,"column":null}},"12":{"start":{"line":9,"column":13},"end":{"line":9,"column":27}}},"fnMap":{"0":{"name":"(anonymous_2)","decl":{"start":{"line":10,"column":15},"end":{"line":10,"column":18}},"loc":{"start":{"line":10,"column":21},"end":{"line":10,"column":27}}},"1":{"name":"(anonymous_3)","decl":{"start":{"line":20,"column":16},"end":{"line":20,"column":19}},"loc":{"start":{"line":20,"column":22},"end":{"line":20,"column":28}}}},"branchMap":{},"s":{"0":1,"1":1,"2":1,"3":1,"4":2,"5":1,"6":1,"7":2,"8":1,"9":1,"10":1,"11":1,"12":1},"f":{"0":2,"1":2},"b":{}}
,"D:\\attractor\\esdp\\back\\src\\models\\Review.ts": {"path":"D:\\attractor\\esdp\\back\\src\\models\\Review.ts","statementMap":{"0":{"start":{"line":1,"column":0},"end":{"line":1,"column":105}},"1":{"start":{"line":2,"column":0},"end":{"line":2,"column":30}},"2":{"start":{"line":9,"column":0},"end":{"line":41,"column":null}},"3":{"start":{"line":11,"column":8},"end":{"line":11,"column":null}},"4":{"start":{"line":10,"column":21},"end":{"line":10,"column":25}},"5":{"start":{"line":18,"column":8},"end":{"line":18,"column":null}},"6":{"start":{"line":26,"column":8},"end":{"line":26,"column":null}},"7":{"start":{"line":20,"column":22},"end":{"line":20,"column":26}},"8":{"start":{"line":32,"column":8},"end":{"line":32,"column":null}},"9":{"start":{"line":40,"column":8},"end":{"line":40,"column":null}},"10":{"start":{"line":9,"column":13},"end":{"line":41,"column":null}},"11":{"start":{"line":9,"column":13},"end":{"line":9,"column":19}}},"fnMap":{"0":{"name":"(anonymous_2)","decl":{"start":{"line":10,"column":15},"end":{"line":10,"column":18}},"loc":{"start":{"line":10,"column":21},"end":{"line":10,"column":25}}},"1":{"name":"(anonymous_3)","decl":{"start":{"line":20,"column":16},"end":{"line":20,"column":19}},"loc":{"start":{"line":20,"column":22},"end":{"line":20,"column":26}}}},"branchMap":{},"s":{"0":1,"1":1,"2":1,"3":1,"4":2,"5":1,"6":1,"7":2,"8":1,"9":1,"10":1,"11":1},"f":{"0":2,"1":2},"b":{}}
,"D:\\attractor\\esdp\\back\\src\\models\\SpecialistExam.ts": {"path":"D:\\attractor\\esdp\\back\\src\\models\\SpecialistExam.ts","statementMap":{"0":{"start":{"line":1,"column":0},"end":{"line":1,"column":105}},"1":{"start":{"line":2,"column":0},"end":{"line":2,"column":32}},"2":{"start":{"line":9,"column":0},"end":{"line":57,"column":null}},"3":{"start":{"line":11,"column":8},"end":{"line":11,"column":null}},"4":{"start":{"line":10,"column":21},"end":{"line":10,"column":26}},"5":{"start":{"line":18,"column":8},"end":{"line":18,"column":null}},"6":{"start":{"line":26,"column":8},"end":{"line":26,"column":null}},"7":{"start":{"line":20,"column":22},"end":{"line":20,"column":27}},"8":{"start":{"line":32,"column":8},"end":{"line":32,"column":null}},"9":{"start":{"line":38,"column":8},"end":{"line":38,"column":null}},"10":{"start":{"line":44,"column":8},"end":{"line":44,"column":null}},"11":{"start":{"line":50,"column":8},"end":{"line":50,"column":null}},"12":{"start":{"line":56,"column":8},"end":{"line":56,"column":null}},"13":{"start":{"line":9,"column":13},"end":{"line":57,"column":null}},"14":{"start":{"line":9,"column":13},"end":{"line":9,"column":27}}},"fnMap":{"0":{"name":"(anonymous_2)","decl":{"start":{"line":10,"column":15},"end":{"line":10,"column":18}},"loc":{"start":{"line":10,"column":21},"end":{"line":10,"column":26}}},"1":{"name":"(anonymous_3)","decl":{"start":{"line":20,"column":16},"end":{"line":20,"column":19}},"loc":{"start":{"line":20,"column":22},"end":{"line":20,"column":27}}}},"branchMap":{},"s":{"0":1,"1":1,"2":1,"3":1,"4":2,"5":1,"6":1,"7":2,"8":1,"9":1,"10":1,"11":1,"12":1,"13":1,"14":1},"f":{"0":2,"1":2},"b":{}}
,"D:\\attractor\\esdp\\back\\src\\models\\Subscription.ts": {"path":"D:\\attractor\\esdp\\back\\src\\models\\Subscription.ts","statementMap":{"0":{"start":{"line":1,"column":0},"end":{"line":1,"column":105}},"1":{"start":{"line":2,"column":0},"end":{"line":2,"column":30}},"2":{"start":{"line":3,"column":0},"end":{"line":3,"column":53}},"3":{"start":{"line":10,"column":0},"end":{"line":67,"column":null}},"4":{"start":{"line":12,"column":8},"end":{"line":12,"column":null}},"5":{"start":{"line":11,"column":21},"end":{"line":11,"column":25}},"6":{"start":{"line":15,"column":8},"end":{"line":15,"column":null}},"7":{"start":{"line":14,"column":21},"end":{"line":14,"column":25}},"8":{"start":{"line":22,"column":8},"end":{"line":22,"column":null}},"9":{"start":{"line":30,"column":8},"end":{"line":30,"column":null}},"10":{"start":{"line":24,"column":22},"end":{"line":24,"column":26}},"11":{"start":{"line":38,"column":8},"end":{"line":38,"column":null}},"12":{"start":{"line":32,"column":22},"end":{"line":32,"column":26}},"13":{"start":{"line":44,"column":8},"end":{"line":44,"column":null}},"14":{"start":{"line":51,"column":8},"end":{"line":51,"column":null}},"15":{"start":{"line":58,"column":8},"end":{"line":58,"column":null}},"16":{"start":{"line":66,"column":8},"end":{"line":66,"column":null}},"17":{"start":{"line":10,"column":13},"end":{"line":67,"column":null}},"18":{"start":{"line":10,"column":13},"end":{"line":10,"column":25}}},"fnMap":{"0":{"name":"(anonymous_2)","decl":{"start":{"line":11,"column":15},"end":{"line":11,"column":18}},"loc":{"start":{"line":11,"column":21},"end":{"line":11,"column":25}}},"1":{"name":"(anonymous_3)","decl":{"start":{"line":14,"column":15},"end":{"line":14,"column":18}},"loc":{"start":{"line":14,"column":21},"end":{"line":14,"column":25}}},"2":{"name":"(anonymous_4)","decl":{"start":{"line":24,"column":16},"end":{"line":24,"column":19}},"loc":{"start":{"line":24,"column":22},"end":{"line":24,"column":26}}},"3":{"name":"(anonymous_5)","decl":{"start":{"line":32,"column":16},"end":{"line":32,"column":19}},"loc":{"start":{"line":32,"column":22},"end":{"line":32,"column":26}}}},"branchMap":{},"s":{"0":1,"1":1,"2":1,"3":1,"4":1,"5":2,"6":1,"7":2,"8":1,"9":1,"10":0,"11":1,"12":0,"13":1,"14":1,"15":1,"16":1,"17":1,"18":1},"f":{"0":2,"1":2,"2":0,"3":0},"b":{}}
,"D:\\attractor\\esdp\\back\\src\\models\\User.ts": {"path":"D:\\attractor\\esdp\\back\\src\\models\\User.ts","statementMap":{"0":{"start":{"line":1,"column":0},"end":{"line":1,"column":91}},"1":{"start":{"line":2,"column":0},"end":{"line":2,"column":41}},"2":{"start":{"line":3,"column":0},"end":{"line":3,"column":34}},"3":{"start":{"line":4,"column":0},"end":{"line":4,"column":34}},"4":{"start":{"line":5,"column":0},"end":{"line":5,"column":36}},"5":{"start":{"line":6,"column":0},"end":{"line":6,"column":46}},"6":{"start":{"line":7,"column":0},"end":{"line":7,"column":34}},"7":{"start":{"line":14,"column":0},"end":{"line":93,"column":null}},"8":{"start":{"line":16,"column":8},"end":{"line":16,"column":null}},"9":{"start":{"line":15,"column":19},"end":{"line":15,"column":25}},"10":{"start":{"line":19,"column":8},"end":{"line":19,"column":null}},"11":{"start":{"line":18,"column":19},"end":{"line":18,"column":25}},"12":{"start":{"line":22,"column":8},"end":{"line":22,"column":null}},"13":{"start":{"line":21,"column":19},"end":{"line":21,"column":26}},"14":{"start":{"line":25,"column":8},"end":{"line":25,"column":null}},"15":{"start":{"line":24,"column":19},"end":{"line":24,"column":25}},"16":{"start":{"line":28,"column":8},"end":{"line":28,"column":null}},"17":{"start":{"line":27,"column":19},"end":{"line":27,"column":31}},"18":{"start":{"line":31,"column":8},"end":{"line":31,"column":null}},"19":{"start":{"line":30,"column":19},"end":{"line":30,"column":31}},"20":{"start":{"line":38,"column":8},"end":{"line":38,"column":null}},"21":{"start":{"line":44,"column":8},"end":{"line":44,"column":null}},"22":{"start":{"line":54,"column":8},"end":{"line":54,"column":null}},"23":{"start":{"line":60,"column":8},"end":{"line":60,"column":null}},"24":{"start":{"line":66,"column":8},"end":{"line":66,"column":null}},"25":{"start":{"line":72,"column":8},"end":{"line":72,"column":null}},"26":{"start":{"line":78,"column":8},"end":{"line":78,"column":null}},"27":{"start":{"line":84,"column":8},"end":{"line":84,"column":null}},"28":{"start":{"line":92,"column":8},"end":{"line":92,"column":null}},"29":{"start":{"line":14,"column":13},"end":{"line":93,"column":null}},"30":{"start":{"line":14,"column":13},"end":{"line":14,"column":17}}},"fnMap":{"0":{"name":"(anonymous_2)","decl":{"start":{"line":15,"column":13},"end":{"line":15,"column":16}},"loc":{"start":{"line":15,"column":19},"end":{"line":15,"column":25}}},"1":{"name":"(anonymous_3)","decl":{"start":{"line":18,"column":13},"end":{"line":18,"column":16}},"loc":{"start":{"line":18,"column":19},"end":{"line":18,"column":25}}},"2":{"name":"(anonymous_4)","decl":{"start":{"line":21,"column":13},"end":{"line":21,"column":16}},"loc":{"start":{"line":21,"column":19},"end":{"line":21,"column":26}}},"3":{"name":"(anonymous_5)","decl":{"start":{"line":24,"column":13},"end":{"line":24,"column":16}},"loc":{"start":{"line":24,"column":19},"end":{"line":24,"column":25}}},"4":{"name":"(anonymous_6)","decl":{"start":{"line":27,"column":13},"end":{"line":27,"column":16}},"loc":{"start":{"line":27,"column":19},"end":{"line":27,"column":31}}},"5":{"name":"(anonymous_7)","decl":{"start":{"line":30,"column":13},"end":{"line":30,"column":16}},"loc":{"start":{"line":30,"column":19},"end":{"line":30,"column":31}}}},"branchMap":{},"s":{"0":1,"1":1,"2":1,"3":1,"4":1,"5":1,"6":1,"7":1,"8":1,"9":2,"10":1,"11":2,"12":1,"13":2,"14":1,"15":2,"16":1,"17":2,"18":1,"19":2,"20":1,"21":1,"22":1,"23":1,"24":1,"25":1,"26":1,"27":1,"28":1,"29":1,"30":1},"f":{"0":2,"1":2,"2":2,"3":2,"4":2,"5":2},"b":{}}
,"D:\\attractor\\esdp\\back\\src\\models\\Vaccination.ts": {"path":"D:\\attractor\\esdp\\back\\src\\models\\Vaccination.ts","statementMap":{"0":{"start":{"line":1,"column":0},"end":{"line":1,"column":105}},"1":{"start":{"line":2,"column":0},"end":{"line":2,"column":32}},"2":{"start":{"line":9,"column":0},"end":{"line":87,"column":null}},"3":{"start":{"line":11,"column":8},"end":{"line":11,"column":null}},"4":{"start":{"line":10,"column":21},"end":{"line":10,"column":26}},"5":{"start":{"line":18,"column":8},"end":{"line":18,"column":null}},"6":{"start":{"line":26,"column":8},"end":{"line":26,"column":null}},"7":{"start":{"line":20,"column":22},"end":{"line":20,"column":27}},"8":{"start":{"line":32,"column":8},"end":{"line":32,"column":null}},"9":{"start":{"line":38,"column":8},"end":{"line":38,"column":null}},"10":{"start":{"line":44,"column":8},"end":{"line":44,"column":null}},"11":{"start":{"line":50,"column":8},"end":{"line":50,"column":null}},"12":{"start":{"line":56,"column":8},"end":{"line":56,"column":null}},"13":{"start":{"line":62,"column":8},"end":{"line":62,"column":null}},"14":{"start":{"line":68,"column":8},"end":{"line":68,"column":null}},"15":{"start":{"line":74,"column":8},"end":{"line":74,"column":null}},"16":{"start":{"line":80,"column":8},"end":{"line":80,"column":null}},"17":{"start":{"line":86,"column":8},"end":{"line":86,"column":null}},"18":{"start":{"line":9,"column":13},"end":{"line":87,"column":null}},"19":{"start":{"line":9,"column":13},"end":{"line":9,"column":24}}},"fnMap":{"0":{"name":"(anonymous_2)","decl":{"start":{"line":10,"column":15},"end":{"line":10,"column":18}},"loc":{"start":{"line":10,"column":21},"end":{"line":10,"column":26}}},"1":{"name":"(anonymous_3)","decl":{"start":{"line":20,"column":16},"end":{"line":20,"column":19}},"loc":{"start":{"line":20,"column":22},"end":{"line":20,"column":27}}}},"branchMap":{},"s":{"0":1,"1":1,"2":1,"3":1,"4":2,"5":1,"6":1,"7":2,"8":1,"9":1,"10":1,"11":1,"12":1,"13":1,"14":1,"15":1,"16":1,"17":1,"18":1,"19":1},"f":{"0":2,"1":2},"b":{}}
,"D:\\attractor\\esdp\\back\\src\\models\\Visit.ts": {"path":"D:\\attractor\\esdp\\back\\src\\models\\Visit.ts","statementMap":{"0":{"start":{"line":1,"column":0},"end":{"line":1,"column":105}},"1":{"start":{"line":2,"column":0},"end":{"line":2,"column":55}},"2":{"start":{"line":3,"column":0},"end":{"line":3,"column":32}},"3":{"start":{"line":10,"column":0},"end":{"line":52,"column":null}},"4":{"start":{"line":12,"column":8},"end":{"line":12,"column":null}},"5":{"start":{"line":11,"column":21},"end":{"line":11,"column":26}},"6":{"start":{"line":19,"column":8},"end":{"line":19,"column":null}},"7":{"start":{"line":27,"column":8},"end":{"line":27,"column":null}},"8":{"start":{"line":21,"column":22},"end":{"line":21,"column":27}},"9":{"start":{"line":33,"column":8},"end":{"line":33,"column":null}},"10":{"start":{"line":39,"column":8},"end":{"line":39,"column":null}},"11":{"start":{"line":45,"column":8},"end":{"line":45,"column":null}},"12":{"start":{"line":51,"column":8},"end":{"line":51,"column":null}},"13":{"start":{"line":10,"column":13},"end":{"line":52,"column":null}},"14":{"start":{"line":10,"column":13},"end":{"line":10,"column":18}}},"fnMap":{"0":{"name":"(anonymous_2)","decl":{"start":{"line":11,"column":15},"end":{"line":11,"column":18}},"loc":{"start":{"line":11,"column":21},"end":{"line":11,"column":26}}},"1":{"name":"(anonymous_3)","decl":{"start":{"line":21,"column":16},"end":{"line":21,"column":19}},"loc":{"start":{"line":21,"column":22},"end":{"line":21,"column":27}}}},"branchMap":{},"s":{"0":1,"1":1,"2":1,"3":1,"4":1,"5":2,"6":1,"7":1,"8":2,"9":1,"10":1,"11":1,"12":1,"13":1,"14":1},"f":{"0":2,"1":2},"b":{}}
,"D:\\attractor\\esdp\\back\\src\\repository\\postgresDb.ts": {"path":"D:\\attractor\\esdp\\back\\src\\repository\\postgresDb.ts","statementMap":{"0":{"start":{"line":1,"column":0},"end":{"line":1,"column":28}},"1":{"start":{"line":2,"column":0},"end":{"line":2,"column":24}},"2":{"start":{"line":3,"column":0},"end":{"line":3,"column":49}},"3":{"start":{"line":4,"column":0},"end":{"line":4,"column":35}},"4":{"start":{"line":6,"column":0},"end":{"line":6,"column":16}},"5":{"start":{"line":23,"column":11},"end":{"line":25,"column":6}},"6":{"start":{"line":24,"column":8},"end":{"line":24,"column":30}},"7":{"start":{"line":27,"column":11},"end":{"line":29,"column":6}},"8":{"start":{"line":28,"column":8},"end":{"line":28,"column":37}},"9":{"start":{"line":31,"column":11},"end":{"line":42,"column":6}},"10":{"start":{"line":32,"column":8},"end":{"line":41,"column":null}},"11":{"start":{"line":33,"column":12},"end":{"line":33,"column":48}},"12":{"start":{"line":34,"column":12},"end":{"line":36,"column":15}},"13":{"start":{"line":37,"column":12},"end":{"line":37,"column":52}},"14":{"start":{"line":39,"column":26},"end":{"line":39,"column":38}},"15":{"start":{"line":40,"column":12},"end":{"line":40,"column":40}},"16":{"start":{"line":12,"column":8},"end":{"line":20,"column":11}},"17":{"start":{"line":8,"column":0},"end":{"line":8,"column":13}},"18":{"start":{"line":45,"column":13},"end":{"line":45,"column":43}}},"fnMap":{"0":{"name":"(anonymous_1)","decl":{"start":{"line":11,"column":4},"end":{"line":11,"column":null}},"loc":{"start":{"line":11,"column":4},"end":{"line":21,"column":5}}},"1":{"name":"(anonymous_2)","decl":{"start":{"line":23,"column":26},"end":{"line":23,"column":40}},"loc":{"start":{"line":23,"column":42},"end":{"line":25,"column":5}}},"2":{"name":"(anonymous_3)","decl":{"start":{"line":27,"column":19},"end":{"line":27,"column":24}},"loc":{"start":{"line":27,"column":45},"end":{"line":29,"column":5}}},"3":{"name":"(anonymous_4)","decl":{"start":{"line":31,"column":18},"end":{"line":31,"column":23}},"loc":{"start":{"line":31,"column":44},"end":{"line":42,"column":5}}}},"branchMap":{},"s":{"0":1,"1":1,"2":1,"3":1,"4":1,"5":1,"6":0,"7":1,"8":0,"9":1,"10":0,"11":0,"12":0,"13":0,"14":0,"15":0,"16":1,"17":1,"18":1},"f":{"0":1,"1":0,"2":0,"3":0},"b":{}}
,"D:\\attractor\\esdp\\back\\src\\repository\\subDb\\usersDb.ts": {"path":"D:\\attractor\\esdp\\back\\src\\repository\\subDb\\usersDb.ts","statementMap":{"0":{"start":{"line":1,"column":0},"end":{"line":1,"column":63}},"1":{"start":{"line":4,"column":0},"end":{"line":4,"column":41}},"2":{"start":{"line":5,"column":0},"end":{"line":5,"column":44}},"3":{"start":{"line":6,"column":0},"end":{"line":6,"column":45}},"4":{"start":{"line":9,"column":0},"end":{"line":9,"column":30}},"5":{"start":{"line":10,"column":0},"end":{"line":10,"column":58}},"6":{"start":{"line":11,"column":0},"end":{"line":11,"column":31}},"7":{"start":{"line":13,"column":0},"end":{"line":13,"column":40}},"8":{"start":{"line":14,"column":0},"end":{"line":14,"column":45}},"9":{"start":{"line":15,"column":0},"end":{"line":15,"column":56}},"10":{"start":{"line":18,"column":0},"end":{"line":18,"column":60}},"11":{"start":{"line":22,"column":0},"end":{"line":22,"column":70}},"12":{"start":{"line":23,"column":0},"end":{"line":23,"column":60}},"13":{"start":{"line":24,"column":0},"end":{"line":24,"column":68}},"14":{"start":{"line":25,"column":0},"end":{"line":25,"column":31}},"15":{"start":{"line":27,"column":0},"end":{"line":27,"column":43}},"16":{"start":{"line":29,"column":0},"end":{"line":29,"column":55}},"17":{"start":{"line":32,"column":0},"end":{"line":32,"column":57}},"18":{"start":{"line":33,"column":0},"end":{"line":33,"column":56}},"19":{"start":{"line":36,"column":11},"end":{"line":85,"column":6}},"20":{"start":{"line":38,"column":8},"end":{"line":84,"column":null}},"21":{"start":{"line":39,"column":30},"end":{"line":39,"column":57}},"22":{"start":{"line":40,"column":12},"end":{"line":41,"column":58}},"23":{"start":{"line":41,"column":16},"end":{"line":41,"column":58}},"24":{"start":{"line":42,"column":67},"end":{"line":45,"column":14}},"25":{"start":{"line":46,"column":12},"end":{"line":69,"column":null}},"26":{"start":{"line":47,"column":16},"end":{"line":59,"column":19}},"27":{"start":{"line":61,"column":16},"end":{"line":68,"column":19}},"28":{"start":{"line":70,"column":12},"end":{"line":73,"column":14}},"29":{"start":{"line":75,"column":26},"end":{"line":75,"column":38}},"30":{"start":{"line":76,"column":27},"end":{"line":76,"column":87}},"31":{"start":{"line":77,"column":12},"end":{"line":83,"column":14}},"32":{"start":{"line":87,"column":11},"end":{"line":114,"column":6}},"33":{"start":{"line":88,"column":8},"end":{"line":113,"column":null}},"34":{"start":{"line":89,"column":32},"end":{"line":89,"column":61}},"35":{"start":{"line":90,"column":12},"end":{"line":91,"column":34}},"36":{"start":{"line":91,"column":16},"end":{"line":91,"column":34}},"37":{"start":{"line":92,"column":12},"end":{"line":96,"column":null}},"38":{"start":{"line":93,"column":36},"end":{"line":93,"column":95}},"39":{"start":{"line":94,"column":16},"end":{"line":95,"column":62}},"40":{"start":{"line":95,"column":20},"end":{"line":95,"column":62}},"41":{"start":{"line":97,"column":30},"end":{"line":97,"column":57}},"42":{"start":{"line":98,"column":12},"end":{"line":98,"column":75}},"43":{"start":{"line":98,"column":28},"end":{"line":98,"column":75}},"44":{"start":{"line":99,"column":12},"end":{"line":102,"column":14}},"45":{"start":{"line":104,"column":26},"end":{"line":104,"column":38}},"46":{"start":{"line":105,"column":27},"end":{"line":105,"column":97}},"47":{"start":{"line":106,"column":12},"end":{"line":112,"column":14}},"48":{"start":{"line":116,"column":11},"end":{"line":163,"column":6}},"49":{"start":{"line":117,"column":8},"end":{"line":162,"column":null}},"50":{"start":{"line":118,"column":31},"end":{"line":122,"column":14}},"51":{"start":{"line":123,"column":12},"end":{"line":123,"column":80}},"52":{"start":{"line":123,"column":28},"end":{"line":123,"column":80}},"53":{"start":{"line":124,"column":31},"end":{"line":124,"column":59}},"54":{"start":{"line":125,"column":43},"end":{"line":125,"column":67}},"55":{"start":{"line":126,"column":12},"end":{"line":128,"column":null}},"56":{"start":{"line":127,"column":16},"end":{"line":127,"column":66}},"57":{"start":{"line":130,"column":44},"end":{"line":130,"column":62}},"58":{"start":{"line":132,"column":12},"end":{"line":132,"column":85}},"59":{"start":{"line":133,"column":25},"end":{"line":133,"column":105}},"60":{"start":{"line":134,"column":26},"end":{"line":134,"column":90}},"61":{"start":{"line":135,"column":24},"end":{"line":135,"column":77}},"62":{"start":{"line":136,"column":12},"end":{"line":136,"column":88}},"63":{"start":{"line":137,"column":12},"end":{"line":147,"column":null}},"64":{"start":{"line":138,"column":52},"end":{"line":145,"column":18}},"65":{"start":{"line":146,"column":16},"end":{"line":146,"column":54}},"66":{"start":{"line":148,"column":12},"end":{"line":148,"column":44}},"67":{"start":{"line":149,"column":12},"end":{"line":152,"column":14}},"68":{"start":{"line":154,"column":26},"end":{"line":154,"column":38}},"69":{"start":{"line":155,"column":12},"end":{"line":161,"column":14}},"70":{"start":{"line":165,"column":11},"end":{"line":247,"column":6}},"71":{"start":{"line":166,"column":8},"end":{"line":246,"column":null}},"72":{"start":{"line":167,"column":12},"end":{"line":168,"column":58}},"73":{"start":{"line":168,"column":16},"end":{"line":168,"column":58}},"74":{"start":{"line":169,"column":30},"end":{"line":169,"column":57}},"75":{"start":{"line":170,"column":12},"end":{"line":171,"column":58}},"76":{"start":{"line":171,"column":16},"end":{"line":171,"column":58}},"77":{"start":{"line":172,"column":27},"end":{"line":176,"column":14}},"78":{"start":{"line":177,"column":12},"end":{"line":178,"column":58}},"79":{"start":{"line":178,"column":16},"end":{"line":178,"column":58}},"80":{"start":{"line":179,"column":32},"end":{"line":179,"column":71}},"81":{"start":{"line":180,"column":12},"end":{"line":180,"column":79}},"82":{"start":{"line":180,"column":30},"end":{"line":180,"column":79}},"83":{"start":{"line":182,"column":31},"end":{"line":186,"column":14}},"84":{"start":{"line":187,"column":12},"end":{"line":187,"column":80}},"85":{"start":{"line":187,"column":28},"end":{"line":187,"column":80}},"86":{"start":{"line":188,"column":31},"end":{"line":188,"column":59}},"87":{"start":{"line":189,"column":43},"end":{"line":189,"column":67}},"88":{"start":{"line":190,"column":12},"end":{"line":192,"column":null}},"89":{"start":{"line":191,"column":16},"end":{"line":191,"column":66}},"90":{"start":{"line":193,"column":44},"end":{"line":193,"column":62}},"91":{"start":{"line":195,"column":12},"end":{"line":195,"column":85}},"92":{"start":{"line":196,"column":25},"end":{"line":196,"column":105}},"93":{"start":{"line":197,"column":26},"end":{"line":197,"column":90}},"94":{"start":{"line":198,"column":24},"end":{"line":198,"column":77}},"95":{"start":{"line":199,"column":12},"end":{"line":199,"column":88}},"96":{"start":{"line":200,"column":24},"end":{"line":200,"column":34}},"97":{"start":{"line":201,"column":30},"end":{"line":205,"column":14}},"98":{"start":{"line":206,"column":31},"end":{"line":206,"column":68}},"99":{"start":{"line":207,"column":12},"end":{"line":214,"column":15}},"100":{"start":{"line":215,"column":43},"end":{"line":225,"column":14}},"101":{"start":{"line":226,"column":47},"end":{"line":226,"column":77}},"102":{"start":{"line":227,"column":32},"end":{"line":229,"column":14}},"103":{"start":{"line":231,"column":12},"end":{"line":231,"column":55}},"104":{"start":{"line":232,"column":12},"end":{"line":232,"column":44}},"105":{"start":{"line":233,"column":12},"end":{"line":236,"column":14}},"106":{"start":{"line":238,"column":26},"end":{"line":238,"column":38}},"107":{"start":{"line":239,"column":12},"end":{"line":245,"column":14}},"108":{"start":{"line":249,"column":11},"end":{"line":277,"column":6}},"109":{"start":{"line":250,"column":8},"end":{"line":276,"column":null}},"110":{"start":{"line":251,"column":30},"end":{"line":251,"column":85}},"111":{"start":{"line":253,"column":12},"end":{"line":253,"column":80}},"112":{"start":{"line":253,"column":28},"end":{"line":253,"column":80}},"113":{"start":{"line":255,"column":37},"end":{"line":255,"column":85}},"114":{"start":{"line":256,"column":12},"end":{"line":256,"column":78}},"115":{"start":{"line":256,"column":26},"end":{"line":256,"column":78}},"116":{"start":{"line":257,"column":25},"end":{"line":257,"column":45}},"117":{"start":{"line":258,"column":12},"end":{"line":258,"column":33}},"118":{"start":{"line":260,"column":16},"end":{"line":260,"column":100}},"119":{"start":{"line":262,"column":12},"end":{"line":265,"column":14}},"120":{"start":{"line":267,"column":26},"end":{"line":267,"column":38}},"121":{"start":{"line":268,"column":27},"end":{"line":268,"column":87}},"122":{"start":{"line":269,"column":12},"end":{"line":275,"column":14}},"123":{"start":{"line":279,"column":11},"end":{"line":316,"column":6}},"124":{"start":{"line":280,"column":8},"end":{"line":315,"column":null}},"125":{"start":{"line":281,"column":30},"end":{"line":281,"column":59}},"126":{"start":{"line":282,"column":32},"end":{"line":282,"column":59}},"127":{"start":{"line":283,"column":12},"end":{"line":283,"column":77}},"128":{"start":{"line":283,"column":30},"end":{"line":283,"column":77}},"129":{"start":{"line":285,"column":12},"end":{"line":285,"column":93}},"130":{"start":{"line":285,"column":51},"end":{"line":285,"column":93}},"131":{"start":{"line":287,"column":12},"end":{"line":288,"column":118}},"132":{"start":{"line":288,"column":76},"end":{"line":288,"column":118}},"133":{"start":{"line":290,"column":12},"end":{"line":291,"column":58}},"134":{"start":{"line":291,"column":16},"end":{"line":291,"column":58}},"135":{"start":{"line":293,"column":12},"end":{"line":293,"column":133}},"136":{"start":{"line":293,"column":91},"end":{"line":293,"column":133}},"137":{"start":{"line":295,"column":36},"end":{"line":295,"column":84}},"138":{"start":{"line":296,"column":29},"end":{"line":296,"column":99}},"139":{"start":{"line":296,"column":66},"end":{"line":296,"column":98}},"140":{"start":{"line":298,"column":25},"end":{"line":300,"column":14}},"141":{"start":{"line":299,"column":16},"end":{"line":299,"column":36}},"142":{"start":{"line":302,"column":12},"end":{"line":305,"column":14}},"143":{"start":{"line":307,"column":26},"end":{"line":307,"column":38}},"144":{"start":{"line":308,"column":12},"end":{"line":314,"column":14}},"145":{"start":{"line":318,"column":11},"end":{"line":337,"column":6}},"146":{"start":{"line":319,"column":8},"end":{"line":336,"column":null}},"147":{"start":{"line":320,"column":34},"end":{"line":320,"column":102}},"148":{"start":{"line":321,"column":12},"end":{"line":321,"column":76}},"149":{"start":{"line":321,"column":32},"end":{"line":321,"column":76}},"150":{"start":{"line":322,"column":12},"end":{"line":322,"column":46}},"151":{"start":{"line":323,"column":30},"end":{"line":323,"column":91}},"152":{"start":{"line":324,"column":32},"end":{"line":324,"column":65}},"153":{"start":{"line":325,"column":12},"end":{"line":325,"column":119}},"154":{"start":{"line":326,"column":12},"end":{"line":329,"column":14}},"155":{"start":{"line":331,"column":26},"end":{"line":331,"column":38}},"156":{"start":{"line":332,"column":12},"end":{"line":335,"column":14}},"157":{"start":{"line":339,"column":11},"end":{"line":368,"column":6}},"158":{"start":{"line":340,"column":8},"end":{"line":367,"column":null}},"159":{"start":{"line":341,"column":31},"end":{"line":341,"column":59}},"160":{"start":{"line":342,"column":12},"end":{"line":343,"column":58}},"161":{"start":{"line":343,"column":16},"end":{"line":343,"column":58}},"162":{"start":{"line":344,"column":50},"end":{"line":344,"column":77}},"163":{"start":{"line":345,"column":12},"end":{"line":345,"column":81}},"164":{"start":{"line":345,"column":28},"end":{"line":345,"column":81}},"165":{"start":{"line":346,"column":12},"end":{"line":346,"column":113}},"166":{"start":{"line":346,"column":54},"end":{"line":346,"column":113}},"167":{"start":{"line":347,"column":32},"end":{"line":352,"column":61}},"168":{"start":{"line":352,"column":38},"end":{"line":352,"column":58}},"169":{"start":{"line":353,"column":12},"end":{"line":356,"column":14}},"170":{"start":{"line":358,"column":26},"end":{"line":358,"column":38}},"171":{"start":{"line":359,"column":27},"end":{"line":359,"column":87}},"172":{"start":{"line":360,"column":12},"end":{"line":366,"column":14}},"173":{"start":{"line":35,"column":0},"end":{"line":35,"column":13}},"174":{"start":{"line":371,"column":13},"end":{"line":371,"column":37}}},"fnMap":{"0":{"name":"(anonymous_1)","decl":{"start":{"line":35,"column":0},"end":{"line":35,"column":13}},"loc":{"start":{"line":35,"column":0},"end":{"line":369,"column":1}}},"1":{"name":"(anonymous_2)","decl":{"start":{"line":36,"column":22},"end":{"line":36,"column":27}},"loc":{"start":{"line":37,"column":76},"end":{"line":85,"column":5}}},"2":{"name":"(anonymous_3)","decl":{"start":{"line":87,"column":25},"end":{"line":87,"column":30}},"loc":{"start":{"line":87,"column":110},"end":{"line":114,"column":5}}},"3":{"name":"(anonymous_4)","decl":{"start":{"line":116,"column":22},"end":{"line":116,"column":27}},"loc":{"start":{"line":116,"column":98},"end":{"line":163,"column":5}}},"4":{"name":"(anonymous_5)","decl":{"start":{"line":165,"column":28},"end":{"line":165,"column":33}},"loc":{"start":{"line":165,"column":135},"end":{"line":247,"column":5}}},"5":{"name":"(anonymous_6)","decl":{"start":{"line":249,"column":19},"end":{"line":249,"column":24}},"loc":{"start":{"line":249,"column":103},"end":{"line":277,"column":5}}},"6":{"name":"(anonymous_7)","decl":{"start":{"line":279,"column":22},"end":{"line":279,"column":27}},"loc":{"start":{"line":279,"column":134},"end":{"line":316,"column":5}}},"7":{"name":"(anonymous_8)","decl":{"start":{"line":296,"column":57},"end":{"line":296,"column":62}},"loc":{"start":{"line":296,"column":66},"end":{"line":296,"column":98}}},"8":{"name":"(anonymous_9)","decl":{"start":{"line":298,"column":119},"end":{"line":298,"column":120}},"loc":{"start":{"line":298,"column":130},"end":{"line":300,"column":13}}},"9":{"name":"(anonymous_10)","decl":{"start":{"line":318,"column":25},"end":{"line":318,"column":30}},"loc":{"start":{"line":318,"column":88},"end":{"line":337,"column":5}}},"10":{"name":"(anonymous_11)","decl":{"start":{"line":339,"column":23},"end":{"line":339,"column":28}},"loc":{"start":{"line":339,"column":107},"end":{"line":368,"column":5}}},"11":{"name":"(anonymous_12)","decl":{"start":{"line":352,"column":24},"end":{"line":352,"column":25}},"loc":{"start":{"line":352,"column":35},"end":{"line":352,"column":60}}}},"branchMap":{"0":{"loc":{"start":{"line":40,"column":12},"end":{"line":41,"column":58}},"type":"if","locations":[{"start":{"line":40,"column":12},"end":{"line":41,"column":58}}]},"1":{"loc":{"start":{"line":40,"column":16},"end":{"line":40,"column":49}},"type":"binary-expr","locations":[{"start":{"line":40,"column":16},"end":{"line":40,"column":26}},{"start":{"line":40,"column":30},"end":{"line":40,"column":49}}]},"2":{"loc":{"start":{"line":46,"column":12},"end":{"line":69,"column":null}},"type":"if","locations":[{"start":{"line":46,"column":12},"end":{"line":69,"column":null}},{"start":{"line":60,"column":19},"end":{"line":69,"column":null}}]},"3":{"loc":{"start":{"line":46,"column":16},"end":{"line":46,"column":45}},"type":"binary-expr","locations":[{"start":{"line":46,"column":16},"end":{"line":46,"column":22}},{"start":{"line":46,"column":26},"end":{"line":46,"column":45}}]},"4":{"loc":{"start":{"line":76,"column":27},"end":{"line":76,"column":87}},"type":"binary-expr","locations":[{"start":{"line":76,"column":27},"end":{"line":76,"column":60}},{"start":{"line":76,"column":64},"end":{"line":76,"column":87}}]},"5":{"loc":{"start":{"line":90,"column":12},"end":{"line":91,"column":34}},"type":"if","locations":[{"start":{"line":90,"column":12},"end":{"line":91,"column":34}}]},"6":{"loc":{"start":{"line":90,"column":16},"end":{"line":90,"column":91}},"type":"binary-expr","locations":[{"start":{"line":90,"column":16},"end":{"line":90,"column":28}},{"start":{"line":90,"column":32},"end":{"line":90,"column":53}},{"start":{"line":90,"column":57},"end":{"line":90,"column":91}}]},"7":{"loc":{"start":{"line":92,"column":12},"end":{"line":96,"column":null}},"type":"if","locations":[{"start":{"line":92,"column":12},"end":{"line":96,"column":null}}]},"8":{"loc":{"start":{"line":94,"column":16},"end":{"line":95,"column":62}},"type":"if","locations":[{"start":{"line":94,"column":16},"end":{"line":95,"column":62}}]},"9":{"loc":{"start":{"line":94,"column":20},"end":{"line":94,"column":65}},"type":"binary-expr","locations":[{"start":{"line":94,"column":20},"end":{"line":94,"column":32}},{"start":{"line":94,"column":36},"end":{"line":94,"column":65}}]},"10":{"loc":{"start":{"line":98,"column":12},"end":{"line":98,"column":75}},"type":"if","locations":[{"start":{"line":98,"column":12},"end":{"line":98,"column":75}}]},"11":{"loc":{"start":{"line":105,"column":27},"end":{"line":105,"column":97}},"type":"binary-expr","locations":[{"start":{"line":105,"column":27},"end":{"line":105,"column":60}},{"start":{"line":105,"column":64},"end":{"line":105,"column":97}}]},"12":{"loc":{"start":{"line":123,"column":12},"end":{"line":123,"column":80}},"type":"if","locations":[{"start":{"line":123,"column":12},"end":{"line":123,"column":80}}]},"13":{"loc":{"start":{"line":126,"column":12},"end":{"line":128,"column":null}},"type":"if","locations":[{"start":{"line":126,"column":12},"end":{"line":128,"column":null}}]},"14":{"loc":{"start":{"line":137,"column":12},"end":{"line":147,"column":null}},"type":"if","locations":[{"start":{"line":137,"column":12},"end":{"line":147,"column":null}}]},"15":{"loc":{"start":{"line":144,"column":27},"end":{"line":144,"column":63}},"type":"cond-expr","locations":[{"start":{"line":144,"column":43},"end":{"line":144,"column":56}},{"start":{"line":144,"column":59},"end":{"line":144,"column":63}}]},"16":{"loc":{"start":{"line":167,"column":12},"end":{"line":168,"column":58}},"type":"if","locations":[{"start":{"line":167,"column":12},"end":{"line":168,"column":58}}]},"17":{"loc":{"start":{"line":170,"column":12},"end":{"line":171,"column":58}},"type":"if","locations":[{"start":{"line":170,"column":12},"end":{"line":171,"column":58}}]},"18":{"loc":{"start":{"line":170,"column":16},"end":{"line":170,"column":49}},"type":"binary-expr","locations":[{"start":{"line":170,"column":16},"end":{"line":170,"column":26}},{"start":{"line":170,"column":30},"end":{"line":170,"column":49}}]},"19":{"loc":{"start":{"line":177,"column":12},"end":{"line":178,"column":58}},"type":"if","locations":[{"start":{"line":177,"column":12},"end":{"line":178,"column":58}}]},"20":{"loc":{"start":{"line":177,"column":16},"end":{"line":177,"column":92}},"type":"binary-expr","locations":[{"start":{"line":177,"column":16},"end":{"line":177,"column":22}},{"start":{"line":177,"column":26},"end":{"line":177,"column":58}},{"start":{"line":177,"column":62},"end":{"line":177,"column":92}}]},"21":{"loc":{"start":{"line":180,"column":12},"end":{"line":180,"column":79}},"type":"if","locations":[{"start":{"line":180,"column":12},"end":{"line":180,"column":79}}]},"22":{"loc":{"start":{"line":187,"column":12},"end":{"line":187,"column":80}},"type":"if","locations":[{"start":{"line":187,"column":12},"end":{"line":187,"column":80}}]},"23":{"loc":{"start":{"line":190,"column":12},"end":{"line":192,"column":null}},"type":"if","locations":[{"start":{"line":190,"column":12},"end":{"line":192,"column":null}}]},"24":{"loc":{"start":{"line":209,"column":25},"end":{"line":209,"column":107}},"type":"cond-expr","locations":[{"start":{"line":209,"column":69},"end":{"line":209,"column":87}},{"start":{"line":209,"column":90},"end":{"line":209,"column":107}}]},"25":{"loc":{"start":{"line":220,"column":26},"end":{"line":220,"column":78}},"type":"cond-expr","locations":[{"start":{"line":220,"column":51},"end":{"line":220,"column":73}},{"start":{"line":220,"column":76},"end":{"line":220,"column":78}}]},"26":{"loc":{"start":{"line":253,"column":12},"end":{"line":253,"column":80}},"type":"if","locations":[{"start":{"line":253,"column":12},"end":{"line":253,"column":80}}]},"27":{"loc":{"start":{"line":256,"column":12},"end":{"line":256,"column":78}},"type":"if","locations":[{"start":{"line":256,"column":12},"end":{"line":256,"column":78}}]},"28":{"loc":{"start":{"line":268,"column":27},"end":{"line":268,"column":87}},"type":"binary-expr","locations":[{"start":{"line":268,"column":27},"end":{"line":268,"column":60}},{"start":{"line":268,"column":64},"end":{"line":268,"column":87}}]},"29":{"loc":{"start":{"line":283,"column":12},"end":{"line":283,"column":77}},"type":"if","locations":[{"start":{"line":283,"column":12},"end":{"line":283,"column":77}}]},"30":{"loc":{"start":{"line":285,"column":12},"end":{"line":285,"column":93}},"type":"if","locations":[{"start":{"line":285,"column":12},"end":{"line":285,"column":93}}]},"31":{"loc":{"start":{"line":285,"column":16},"end":{"line":285,"column":49}},"type":"binary-expr","locations":[{"start":{"line":285,"column":16},"end":{"line":285,"column":26}},{"start":{"line":285,"column":30},"end":{"line":285,"column":49}}]},"32":{"loc":{"start":{"line":287,"column":12},"end":{"line":288,"column":118}},"type":"if","locations":[{"start":{"line":287,"column":12},"end":{"line":288,"column":118}}]},"33":{"loc":{"start":{"line":287,"column":16},"end":{"line":288,"column":74}},"type":"binary-expr","locations":[{"start":{"line":287,"column":16},"end":{"line":287,"column":52}},{"start":{"line":288,"column":16},"end":{"line":288,"column":47}},{"start":{"line":288,"column":51},"end":{"line":288,"column":74}}]},"34":{"loc":{"start":{"line":290,"column":12},"end":{"line":291,"column":58}},"type":"if","locations":[{"start":{"line":290,"column":12},"end":{"line":291,"column":58}}]},"35":{"loc":{"start":{"line":290,"column":16},"end":{"line":290,"column":119}},"type":"binary-expr","locations":[{"start":{"line":290,"column":16},"end":{"line":290,"column":47}},{"start":{"line":290,"column":51},"end":{"line":290,"column":84}},{"start":{"line":290,"column":88},"end":{"line":290,"column":119}}]},"36":{"loc":{"start":{"line":293,"column":12},"end":{"line":293,"column":133}},"type":"if","locations":[{"start":{"line":293,"column":12},"end":{"line":293,"column":133}}]},"37":{"loc":{"start":{"line":293,"column":16},"end":{"line":293,"column":89}},"type":"binary-expr","locations":[{"start":{"line":293,"column":16},"end":{"line":293,"column":47}},{"start":{"line":293,"column":51},"end":{"line":293,"column":89}}]},"38":{"loc":{"start":{"line":321,"column":12},"end":{"line":321,"column":76}},"type":"if","locations":[{"start":{"line":321,"column":12},"end":{"line":321,"column":76}}]},"39":{"loc":{"start":{"line":342,"column":12},"end":{"line":343,"column":58}},"type":"if","locations":[{"start":{"line":342,"column":12},"end":{"line":343,"column":58}}]},"40":{"loc":{"start":{"line":342,"column":16},"end":{"line":342,"column":51}},"type":"binary-expr","locations":[{"start":{"line":342,"column":16},"end":{"line":342,"column":27}},{"start":{"line":342,"column":31},"end":{"line":342,"column":51}}]},"41":{"loc":{"start":{"line":345,"column":12},"end":{"line":345,"column":81}},"type":"if","locations":[{"start":{"line":345,"column":12},"end":{"line":345,"column":81}}]},"42":{"loc":{"start":{"line":346,"column":12},"end":{"line":346,"column":113}},"type":"if","locations":[{"start":{"line":346,"column":12},"end":{"line":346,"column":113}}]},"43":{"loc":{"start":{"line":348,"column":29},"end":{"line":348,"column":63}},"type":"cond-expr","locations":[{"start":{"line":348,"column":51},"end":{"line":348,"column":56}},{"start":{"line":348,"column":59},"end":{"line":348,"column":63}}]},"44":{"loc":{"start":{"line":359,"column":27},"end":{"line":359,"column":87}},"type":"binary-expr","locations":[{"start":{"line":359,"column":27},"end":{"line":359,"column":60}},{"start":{"line":359,"column":64},"end":{"line":359,"column":87}}]}},"s":{"0":1,"1":1,"2":1,"3":1,"4":1,"5":1,"6":1,"7":1,"8":1,"9":1,"10":1,"11":1,"12":1,"13":1,"14":1,"15":1,"16":1,"17":1,"18":1,"19":1,"20":0,"21":0,"22":0,"23":0,"24":0,"25":0,"26":0,"27":0,"28":0,"29":0,"30":0,"31":0,"32":1,"33":0,"34":0,"35":0,"36":0,"37":0,"38":0,"39":0,"40":0,"41":0,"42":0,"43":0,"44":0,"45":0,"46":0,"47":0,"48":1,"49":1,"50":1,"51":1,"52":0,"53":1,"54":1,"55":1,"56":0,"57":1,"58":1,"59":1,"60":1,"61":1,"62":1,"63":1,"64":1,"65":1,"66":1,"67":1,"68":0,"69":0,"70":1,"71":0,"72":0,"73":0,"74":0,"75":0,"76":0,"77":0,"78":0,"79":0,"80":0,"81":0,"82":0,"83":0,"84":0,"85":0,"86":0,"87":0,"88":0,"89":0,"90":0,"91":0,"92":0,"93":0,"94":0,"95":0,"96":0,"97":0,"98":0,"99":0,"100":0,"101":0,"102":0,"103":0,"104":0,"105":0,"106":0,"107":0,"108":1,"109":0,"110":0,"111":0,"112":0,"113":0,"114":0,"115":0,"116":0,"117":0,"118":0,"119":0,"120":0,"121":0,"122":0,"123":1,"124":0,"125":0,"126":0,"127":0,"128":0,"129":0,"130":0,"131":0,"132":0,"133":0,"134":0,"135":0,"136":0,"137":0,"138":0,"139":0,"140":0,"141":0,"142":0,"143":0,"144":0,"145":1,"146":0,"147":0,"148":0,"149":0,"150":0,"151":0,"152":0,"153":0,"154":0,"155":0,"156":0,"157":1,"158":0,"159":0,"160":0,"161":0,"162":0,"163":0,"164":0,"165":0,"166":0,"167":0,"168":0,"169":0,"170":0,"171":0,"172":0,"173":1,"174":1},"f":{"0":1,"1":0,"2":0,"3":1,"4":0,"5":0,"6":0,"7":0,"8":0,"9":0,"10":0,"11":0},"b":{"0":[0],"1":[0,0],"2":[0,0],"3":[0,0],"4":[0,0],"5":[0],"6":[0,0,0],"7":[0],"8":[0],"9":[0,0],"10":[0],"11":[0,0],"12":[0],"13":[0],"14":[1],"15":[0,1],"16":[0],"17":[0],"18":[0,0],"19":[0],"20":[0,0,0],"21":[0],"22":[0],"23":[0],"24":[0,0],"25":[0,0],"26":[0],"27":[0],"28":[0,0],"29":[0],"30":[0],"31":[0,0],"32":[0],"33":[0,0,0],"34":[0],"35":[0,0,0],"36":[0],"37":[0,0],"38":[0],"39":[0],"40":[0,0],"41":[0],"42":[0],"43":[0,0],"44":[0,0]}}
}
