TN:
SF:src\config\morganMiddleware.ts
FN:6,(anonymous_1)
FN:9,(anonymous_2)
FNF:2
FNH:1
FNDA:0,(anonymous_1)
FNDA:1,(anonymous_2)
DA:1,1
DA:3,1
DA:5,1
DA:6,0
DA:9,1
DA:10,1
DA:11,1
DA:14,1
DA:20,1
LF:9
LH:8
BRDA:10,0,0,1
BRDA:10,0,1,0
BRF:2
BRH:1
end_of_record
TN:
SF:src\controllers\usersController.ts
FN:16,(anonymous_1)
FN:30,(anonymous_2)
FN:34,(anonymous_3)
FN:42,(anonymous_4)
FN:49,(anonymous_5)
FN:54,(anonymous_6)
FN:61,(anonymous_7)
FN:66,(anonymous_8)
FN:73,(anonymous_9)
FN:78,(anonymous_10)
FNF:10
FNH:3
FNDA:1,(anonymous_1)
FNDA:1,(anonymous_2)
FNDA:0,(anonymous_3)
FNDA:0,(anonymous_4)
FNDA:1,(anonymous_5)
FNDA:0,(anonymous_6)
FNDA:0,(anonymous_7)
FNDA:0,(anonymous_8)
FNDA:0,(anonymous_9)
FNDA:0,(anonymous_10)
DA:1,1
DA:6,1
DA:7,1
DA:8,1
DA:10,1
DA:13,1
DA:17,1
DA:18,1
DA:19,1
DA:20,1
DA:21,1
DA:22,1
DA:23,1
DA:24,1
DA:25,1
DA:26,1
DA:27,1
DA:30,1
DA:31,1
DA:34,1
DA:35,0
DA:36,0
DA:37,0
DA:39,0
DA:42,1
DA:43,0
DA:44,0
DA:45,0
DA:46,0
DA:49,1
DA:50,1
DA:51,1
DA:54,1
DA:55,0
DA:56,0
DA:57,0
DA:58,0
DA:61,1
DA:62,0
DA:63,0
DA:66,1
DA:67,0
DA:68,0
DA:69,0
DA:70,0
DA:73,1
DA:74,0
DA:75,0
DA:78,1
DA:79,0
DA:80,0
DA:81,0
DA:82,0
LF:53
LH:29
BRF:0
BRH:0
end_of_record
TN:
SF:src\enums\EErrorMessages.ts
FN:1,(anonymous_0)
FNF:1
FNH:1
FNDA:1,(anonymous_0)
DA:1,1
DA:2,1
DA:3,1
DA:4,1
DA:5,1
DA:6,1
DA:7,1
DA:8,1
DA:9,1
DA:10,1
DA:11,1
DA:12,1
DA:13,1
DA:14,1
DA:15,1
DA:16,1
DA:17,1
DA:18,1
DA:19,1
DA:20,1
DA:21,1
DA:22,1
DA:23,1
DA:24,1
DA:25,1
DA:26,1
DA:27,1
DA:28,1
DA:29,1
DA:30,1
LF:30
LH:30
BRDA:1,0,0,1
BRDA:1,0,1,1
BRF:2
BRH:2
end_of_record
TN:
SF:src\enums\EPaymentType.ts
FN:1,(anonymous_0)
FNF:1
FNH:1
FNDA:1,(anonymous_0)
DA:1,1
DA:2,1
DA:3,1
LF:3
LH:3
BRDA:1,0,0,1
BRDA:1,0,1,1
BRF:2
BRH:2
end_of_record
TN:
SF:src\enums\ERoles.ts
FN:1,(anonymous_0)
FNF:1
FNH:1
FNDA:1,(anonymous_0)
DA:1,1
DA:2,1
DA:3,1
DA:4,1
DA:5,1
LF:5
LH:5
BRDA:1,0,0,1
BRDA:1,0,1,1
BRF:2
BRH:2
end_of_record
TN:
SF:src\enums\ESex.ts
FN:1,(anonymous_0)
FNF:1
FNH:1
FNDA:1,(anonymous_0)
DA:1,1
DA:2,1
DA:3,1
LF:3
LH:3
BRDA:1,0,0,1
BRDA:1,0,1,1
BRF:2
BRH:2
end_of_record
TN:
SF:src\enums\EVisitReasons.ts
FN:1,(anonymous_0)
FNF:1
FNH:1
FNDA:1,(anonymous_0)
DA:1,1
DA:2,1
DA:3,1
LF:3
LH:3
BRDA:1,0,0,1
BRDA:1,0,1,1
BRF:2
BRH:2
end_of_record
TN:
SF:src\helpers\checkPassword.ts
FN:4,(anonymous_1)
FNF:1
FNH:0
FNDA:0,(anonymous_1)
DA:1,1
DA:4,1
DA:5,0
LF:3
LH:2
BRF:0
BRH:0
end_of_record
TN:
SF:src\helpers\errorCodeMatcher.ts
FNF:0
FNH:0
DA:1,1
DA:2,1
DA:8,1
LF:3
LH:3
BRF:0
BRH:0
end_of_record
TN:
SF:src\helpers\generateHash.ts
FN:3,(anonymous_1)
FNF:1
FNH:1
FNDA:1,(anonymous_1)
DA:1,1
DA:3,1
DA:4,1
DA:5,1
DA:6,1
LF:5
LH:5
BRDA:4,0,0,1
BRDA:4,0,1,0
BRF:2
BRH:1
end_of_record
TN:
SF:src\helpers\generateJWT.ts
FN:4,(anonymous_1)
FNF:1
FNH:0
FNDA:0,(anonymous_1)
DA:1,1
DA:4,1
DA:5,0
LF:3
LH:2
BRF:0
BRH:0
end_of_record
TN:
SF:src\helpers\passwordValidation.ts
FN:3,(anonymous_0)
FNF:1
FNH:0
FNDA:0,(anonymous_0)
DA:1,1
DA:3,1
DA:4,0
DA:5,0
DA:8,0
DA:9,0
DA:12,0
DA:13,0
DA:16,0
DA:17,0
DA:20,0
DA:21,0
LF:12
LH:2
BRDA:4,0,0,0
BRDA:8,1,0,0
BRDA:8,2,0,0
BRDA:8,2,1,0
BRDA:12,3,0,0
BRDA:16,4,0,0
BRDA:20,5,0,0
BRF:7
BRH:0
end_of_record
TN:
SF:src\lib\logger.ts
FN:11,(anonymous_1)
FN:31,(anonymous_2)
FNF:2
FNH:1
FNDA:1,(anonymous_1)
FNDA:0,(anonymous_2)
DA:1,1
DA:3,1
DA:11,1
DA:12,1
DA:13,1
DA:14,1
DA:17,1
DA:25,1
DA:27,1
DA:31,0
DA:35,1
DA:44,1
DA:51,1
LF:13
LH:12
BRDA:12,0,0,1
BRDA:12,0,1,0
BRDA:14,1,0,0
BRDA:14,1,1,1
BRF:4
BRH:2
end_of_record
TN:
SF:src\lib\mailer.ts
FN:13,(anonymous_1)
FN:44,(anonymous_2)
FNF:2
FNH:1
FNDA:1,(anonymous_1)
FNDA:0,(anonymous_2)
DA:2,1
DA:3,1
DA:4,1
DA:5,1
DA:8,1
DA:11,1
DA:13,1
DA:14,1
DA:24,1
DA:34,1
DA:42,1
DA:44,1
DA:45,0
DA:46,0
DA:48,0
DA:50,0
DA:54,1
LF:17
LH:13
BRDA:45,0,0,0
BRDA:45,0,1,0
BRF:2
BRH:0
end_of_record
TN:
SF:src\middleware\permission.ts
FN:7,(anonymous_1)
FN:8,(anonymous_2)
FNF:2
FNH:1
FNDA:5,(anonymous_1)
FNDA:0,(anonymous_2)
DA:3,1
DA:5,1
DA:7,1
DA:8,5
DA:9,0
DA:10,0
DA:11,0
DA:12,0
DA:13,0
DA:14,0
DA:15,0
DA:17,0
DA:18,0
LF:13
LH:4
BRDA:10,0,0,0
BRDA:12,1,0,0
BRDA:12,1,1,0
BRDA:12,2,0,0
BRDA:12,2,1,0
BRDA:13,3,0,0
BRDA:13,4,0,0
BRDA:13,4,1,0
BRF:8
BRH:0
end_of_record
TN:
SF:src\models\Allergy.ts
FN:10,(anonymous_2)
FN:20,(anonymous_3)
FNF:2
FNH:2
FNDA:2,(anonymous_2)
FNDA:2,(anonymous_3)
DA:1,1
DA:2,1
DA:9,1
DA:10,2
DA:11,1
DA:18,1
DA:20,2
DA:26,1
DA:32,1
DA:38,1
DA:44,1
LF:11
LH:11
BRF:0
BRH:0
end_of_record
TN:
SF:src\models\Child.ts
FN:18,(anonymous_2)
FN:21,(anonymous_3)
FN:24,(anonymous_4)
FN:27,(anonymous_5)
FN:30,(anonymous_6)
FN:33,(anonymous_7)
FN:36,(anonymous_8)
FN:39,(anonymous_9)
FN:49,(anonymous_10)
FNF:9
FNH:9
FNDA:2,(anonymous_2)
FNDA:2,(anonymous_3)
FNDA:2,(anonymous_4)
FNDA:2,(anonymous_5)
FNDA:2,(anonymous_6)
FNDA:2,(anonymous_7)
FNDA:2,(anonymous_8)
FNDA:2,(anonymous_9)
FNDA:2,(anonymous_10)
DA:1,1
DA:2,1
DA:3,1
DA:4,1
DA:5,1
DA:6,1
DA:7,1
DA:8,1
DA:9,1
DA:10,1
DA:17,1
DA:18,2
DA:19,1
DA:21,2
DA:22,1
DA:24,2
DA:25,1
DA:27,2
DA:28,1
DA:30,2
DA:31,1
DA:33,2
DA:34,1
DA:36,2
DA:37,1
DA:39,2
DA:40,1
DA:47,1
DA:49,2
DA:55,1
DA:61,1
DA:67,1
DA:73,1
DA:80,1
DA:86,1
DA:93,1
DA:100,1
DA:106,1
DA:114,1
LF:39
LH:39
BRF:0
BRH:0
end_of_record
TN:
SF:src\models\Diploma.ts
FN:10,(anonymous_2)
FN:20,(anonymous_3)
FNF:2
FNH:2
FNDA:2,(anonymous_2)
FNDA:2,(anonymous_3)
DA:1,1
DA:2,1
DA:9,1
DA:10,2
DA:11,1
DA:18,1
DA:20,2
DA:26,1
DA:32,1
LF:9
LH:9
BRF:0
BRH:0
end_of_record
TN:
SF:src\models\Doctor.ts
FN:14,(anonymous_2)
FN:17,(anonymous_3)
FN:20,(anonymous_4)
FN:23,(anonymous_5)
FN:26,(anonymous_6)
FN:36,(anonymous_7)
FNF:6
FNH:6
FNDA:2,(anonymous_2)
FNDA:2,(anonymous_3)
FNDA:2,(anonymous_4)
FNDA:2,(anonymous_5)
FNDA:2,(anonymous_6)
FNDA:2,(anonymous_7)
DA:1,1
DA:2,1
DA:3,1
DA:4,1
DA:5,1
DA:6,1
DA:13,1
DA:14,2
DA:15,1
DA:17,2
DA:18,1
DA:20,2
DA:21,1
DA:23,2
DA:24,1
DA:26,2
DA:27,1
DA:34,1
DA:36,2
DA:42,1
DA:48,1
DA:55,1
DA:63,1
DA:74,1
DA:82,1
DA:89,1
DA:95,1
DA:101,1
LF:28
LH:28
BRF:0
BRH:0
end_of_record
TN:
SF:src\models\Document.ts
FN:10,(anonymous_2)
FN:20,(anonymous_3)
FNF:2
FNH:2
FNDA:2,(anonymous_2)
FNDA:2,(anonymous_3)
DA:1,1
DA:2,1
DA:9,1
DA:10,2
DA:11,1
DA:18,1
DA:20,2
DA:26,1
DA:33,1
DA:39,1
LF:10
LH:10
BRF:0
BRH:0
end_of_record
TN:
SF:src\models\Message.ts
FN:11,(anonymous_2)
FN:21,(anonymous_3)
FN:37,(anonymous_4)
FNF:3
FNH:3
FNDA:2,(anonymous_2)
FNDA:5,(anonymous_3)
FNDA:2,(anonymous_4)
DA:1,1
DA:2,1
DA:3,1
DA:10,1
DA:11,2
DA:12,1
DA:19,1
DA:21,5
DA:27,1
DA:35,1
DA:37,2
DA:43,1
DA:49,1
DA:55,1
LF:14
LH:14
BRF:0
BRH:0
end_of_record
TN:
SF:src\models\NewbornData.ts
FN:10,(anonymous_2)
FN:20,(anonymous_3)
FNF:2
FNH:2
FNDA:2,(anonymous_2)
FNDA:2,(anonymous_3)
DA:1,1
DA:2,1
DA:9,1
DA:10,2
DA:11,1
DA:18,1
DA:20,2
DA:26,1
DA:34,1
DA:42,1
DA:50,1
DA:58,1
DA:66,1
DA:74,1
DA:82,1
DA:90,1
DA:98,1
DA:105,1
DA:113,1
DA:121,1
DA:129,1
DA:137,1
DA:145,1
DA:153,1
DA:160,1
DA:168,1
DA:175,1
DA:182,1
DA:189,1
DA:196,1
DA:203,1
DA:210,1
DA:217,1
DA:224,1
DA:231,1
DA:238,1
DA:246,1
DA:253,1
DA:260,1
DA:268,1
LF:40
LH:40
BRF:0
BRH:0
end_of_record
TN:
SF:src\models\Parent.ts
FN:13,(anonymous_2)
FN:16,(anonymous_3)
FN:19,(anonymous_4)
FN:22,(anonymous_5)
FN:32,(anonymous_6)
FN:40,(anonymous_7)
FNF:6
FNH:6
FNDA:2,(anonymous_2)
FNDA:2,(anonymous_3)
FNDA:2,(anonymous_4)
FNDA:2,(anonymous_5)
FNDA:6,(anonymous_6)
FNDA:2,(anonymous_7)
DA:1,1
DA:2,1
DA:3,1
DA:4,1
DA:5,1
DA:12,1
DA:13,2
DA:14,1
DA:16,2
DA:17,1
DA:19,2
DA:20,1
DA:22,2
DA:23,1
DA:30,1
DA:32,6
DA:38,1
DA:40,2
DA:46,1
DA:54,1
DA:62,1
DA:69,1
LF:22
LH:22
BRF:0
BRH:0
end_of_record
TN:
SF:src\models\Question.ts
FN:13,(anonymous_2)
FN:16,(anonymous_3)
FN:19,(anonymous_4)
FN:22,(anonymous_5)
FN:32,(anonymous_6)
FN:40,(anonymous_7)
FN:48,(anonymous_8)
FNF:7
FNH:7
FNDA:2,(anonymous_2)
FNDA:2,(anonymous_3)
FNDA:2,(anonymous_4)
FNDA:2,(anonymous_5)
FNDA:10,(anonymous_6)
FNDA:6,(anonymous_7)
FNDA:2,(anonymous_8)
DA:1,1
DA:2,1
DA:3,1
DA:4,1
DA:5,1
DA:12,1
DA:13,2
DA:14,1
DA:16,2
DA:17,1
DA:19,2
DA:20,1
DA:22,2
DA:23,1
DA:30,1
DA:32,10
DA:38,1
DA:40,6
DA:46,1
DA:48,2
DA:54,1
DA:62,1
DA:70,1
DA:76,1
LF:24
LH:24
BRF:0
BRH:0
end_of_record
TN:
SF:src\models\Recommendation.ts
FN:10,(anonymous_2)
FN:20,(anonymous_3)
FNF:2
FNH:2
FNDA:2,(anonymous_2)
FNDA:2,(anonymous_3)
DA:1,1
DA:2,1
DA:9,1
DA:10,2
DA:11,1
DA:18,1
DA:20,2
DA:26,1
DA:32,1
DA:40,1
DA:46,1
LF:11
LH:11
BRF:0
BRH:0
end_of_record
TN:
SF:src\models\Review.ts
FN:10,(anonymous_2)
FN:20,(anonymous_3)
FNF:2
FNH:2
FNDA:2,(anonymous_2)
FNDA:2,(anonymous_3)
DA:1,1
DA:2,1
DA:9,1
DA:10,2
DA:11,1
DA:18,1
DA:20,2
DA:26,1
DA:32,1
DA:40,1
LF:10
LH:10
BRF:0
BRH:0
end_of_record
TN:
SF:src\models\SpecialistExam.ts
FN:10,(anonymous_2)
FN:20,(anonymous_3)
FNF:2
FNH:2
FNDA:2,(anonymous_2)
FNDA:2,(anonymous_3)
DA:1,1
DA:2,1
DA:9,1
DA:10,2
DA:11,1
DA:18,1
DA:20,2
DA:26,1
DA:32,1
DA:38,1
DA:44,1
DA:50,1
DA:56,1
LF:13
LH:13
BRF:0
BRH:0
end_of_record
TN:
SF:src\models\Subscription.ts
FN:11,(anonymous_2)
FN:14,(anonymous_3)
FN:24,(anonymous_4)
FN:32,(anonymous_5)
FNF:4
FNH:2
FNDA:2,(anonymous_2)
FNDA:2,(anonymous_3)
FNDA:0,(anonymous_4)
FNDA:0,(anonymous_5)
DA:1,1
DA:2,1
DA:3,1
DA:10,1
DA:11,2
DA:12,1
DA:14,2
DA:15,1
DA:22,1
DA:24,0
DA:30,1
DA:32,0
DA:38,1
DA:44,1
DA:51,1
DA:58,1
DA:66,1
LF:17
LH:15
BRF:0
BRH:0
end_of_record
TN:
SF:src\models\User.ts
FN:15,(anonymous_2)
FN:18,(anonymous_3)
FN:21,(anonymous_4)
FN:24,(anonymous_5)
FN:27,(anonymous_6)
FN:30,(anonymous_7)
FNF:6
FNH:6
FNDA:2,(anonymous_2)
FNDA:2,(anonymous_3)
FNDA:2,(anonymous_4)
FNDA:2,(anonymous_5)
FNDA:2,(anonymous_6)
FNDA:2,(anonymous_7)
DA:1,1
DA:2,1
DA:3,1
DA:4,1
DA:5,1
DA:6,1
DA:7,1
DA:14,1
DA:15,2
DA:16,1
DA:18,2
DA:19,1
DA:21,2
DA:22,1
DA:24,2
DA:25,1
DA:27,2
DA:28,1
DA:30,2
DA:31,1
DA:38,1
DA:44,1
DA:54,1
DA:60,1
DA:66,1
DA:72,1
DA:78,1
DA:84,1
DA:92,1
LF:29
LH:29
BRF:0
BRH:0
end_of_record
TN:
SF:src\models\Vaccination.ts
FN:10,(anonymous_2)
FN:20,(anonymous_3)
FNF:2
FNH:2
FNDA:2,(anonymous_2)
FNDA:2,(anonymous_3)
DA:1,1
DA:2,1
DA:9,1
DA:10,2
DA:11,1
DA:18,1
DA:20,2
DA:26,1
DA:32,1
DA:38,1
DA:44,1
DA:50,1
DA:56,1
DA:62,1
DA:68,1
DA:74,1
DA:80,1
DA:86,1
LF:18
LH:18
BRF:0
BRH:0
end_of_record
TN:
SF:src\models\Visit.ts
FN:11,(anonymous_2)
FN:21,(anonymous_3)
FNF:2
FNH:2
FNDA:2,(anonymous_2)
FNDA:2,(anonymous_3)
DA:1,1
DA:2,1
DA:3,1
DA:10,1
DA:11,2
DA:12,1
DA:19,1
DA:21,2
DA:27,1
DA:33,1
DA:39,1
DA:45,1
DA:51,1
LF:13
LH:13
BRF:0
BRH:0
end_of_record
TN:
SF:src\repository\postgresDb.ts
FN:11,(anonymous_1)
FN:23,(anonymous_2)
FN:27,(anonymous_3)
FN:31,(anonymous_4)
FNF:4
FNH:1
FNDA:1,(anonymous_1)
FNDA:0,(anonymous_2)
FNDA:0,(anonymous_3)
FNDA:0,(anonymous_4)
DA:1,1
DA:2,1
DA:3,1
DA:4,1
DA:6,1
DA:8,1
DA:12,1
DA:23,1
DA:24,0
DA:27,1
DA:28,0
DA:31,1
DA:32,0
DA:33,0
DA:34,0
DA:37,0
DA:39,0
DA:40,0
DA:45,1
LF:19
LH:11
BRF:0
BRH:0
end_of_record
TN:
SF:src\repository\subDb\usersDb.ts
FN:35,(anonymous_1)
FN:36,(anonymous_2)
FN:87,(anonymous_3)
FN:116,(anonymous_4)
FN:165,(anonymous_5)
FN:249,(anonymous_6)
FN:279,(anonymous_7)
FN:296,(anonymous_8)
FN:298,(anonymous_9)
FN:318,(anonymous_10)
FN:339,(anonymous_11)
FN:352,(anonymous_12)
FNF:12
FNH:2
FNDA:1,(anonymous_1)
FNDA:0,(anonymous_2)
FNDA:0,(anonymous_3)
FNDA:1,(anonymous_4)
FNDA:0,(anonymous_5)
FNDA:0,(anonymous_6)
FNDA:0,(anonymous_7)
FNDA:0,(anonymous_8)
FNDA:0,(anonymous_9)
FNDA:0,(anonymous_10)
FNDA:0,(anonymous_11)
FNDA:0,(anonymous_12)
DA:1,1
DA:4,1
DA:5,1
DA:6,1
DA:9,1
DA:10,1
DA:11,1
DA:13,1
DA:14,1
DA:15,1
DA:18,1
DA:22,1
DA:23,1
DA:24,1
DA:25,1
DA:27,1
DA:29,1
DA:32,1
DA:33,1
DA:35,1
DA:36,1
DA:38,0
DA:39,0
DA:40,0
DA:41,0
DA:42,0
DA:46,0
DA:47,0
DA:61,0
DA:70,0
DA:75,0
DA:76,0
DA:77,0
DA:87,1
DA:88,0
DA:89,0
DA:90,0
DA:91,0
DA:92,0
DA:93,0
DA:94,0
DA:95,0
DA:97,0
DA:98,0
DA:99,0
DA:104,0
DA:105,0
DA:106,0
DA:116,1
DA:117,1
DA:118,1
DA:123,1
DA:124,1
DA:125,1
DA:126,1
DA:127,0
DA:130,1
DA:132,1
DA:133,1
DA:134,1
DA:135,1
DA:136,1
DA:137,1
DA:138,1
DA:146,1
DA:148,1
DA:149,1
DA:154,0
DA:155,0
DA:165,1
DA:166,0
DA:167,0
DA:168,0
DA:169,0
DA:170,0
DA:171,0
DA:172,0
DA:177,0
DA:178,0
DA:179,0
DA:180,0
DA:182,0
DA:187,0
DA:188,0
DA:189,0
DA:190,0
DA:191,0
DA:193,0
DA:195,0
DA:196,0
DA:197,0
DA:198,0
DA:199,0
DA:200,0
DA:201,0
DA:206,0
DA:207,0
DA:215,0
DA:226,0
DA:227,0
DA:231,0
DA:232,0
DA:233,0
DA:238,0
DA:239,0
DA:249,1
DA:250,0
DA:251,0
DA:253,0
DA:255,0
DA:256,0
DA:257,0
DA:258,0
DA:260,0
DA:262,0
DA:267,0
DA:268,0
DA:269,0
DA:279,1
DA:280,0
DA:281,0
DA:282,0
DA:283,0
DA:285,0
DA:287,0
DA:288,0
DA:290,0
DA:291,0
DA:293,0
DA:295,0
DA:296,0
DA:298,0
DA:299,0
DA:302,0
DA:307,0
DA:308,0
DA:318,1
DA:319,0
DA:320,0
DA:321,0
DA:322,0
DA:323,0
DA:324,0
DA:325,0
DA:326,0
DA:331,0
DA:332,0
DA:339,1
DA:340,0
DA:341,0
DA:342,0
DA:343,0
DA:344,0
DA:345,0
DA:346,0
DA:347,0
DA:352,0
DA:353,0
DA:358,0
DA:359,0
DA:360,0
DA:371,1
LF:162
LH:46
BRDA:40,0,0,0
BRDA:40,1,0,0
BRDA:40,1,1,0
BRDA:46,2,0,0
BRDA:46,2,1,0
BRDA:46,3,0,0
BRDA:46,3,1,0
BRDA:76,4,0,0
BRDA:76,4,1,0
BRDA:90,5,0,0
BRDA:90,6,0,0
BRDA:90,6,1,0
BRDA:90,6,2,0
BRDA:92,7,0,0
BRDA:94,8,0,0
BRDA:94,9,0,0
BRDA:94,9,1,0
BRDA:98,10,0,0
BRDA:105,11,0,0
BRDA:105,11,1,0
BRDA:123,12,0,0
BRDA:126,13,0,0
BRDA:137,14,0,1
BRDA:144,15,0,0
BRDA:144,15,1,1
BRDA:167,16,0,0
BRDA:170,17,0,0
BRDA:170,18,0,0
BRDA:170,18,1,0
BRDA:177,19,0,0
BRDA:177,20,0,0
BRDA:177,20,1,0
BRDA:177,20,2,0
BRDA:180,21,0,0
BRDA:187,22,0,0
BRDA:190,23,0,0
BRDA:209,24,0,0
BRDA:209,24,1,0
BRDA:220,25,0,0
BRDA:220,25,1,0
BRDA:253,26,0,0
BRDA:256,27,0,0
BRDA:268,28,0,0
BRDA:268,28,1,0
BRDA:283,29,0,0
BRDA:285,30,0,0
BRDA:285,31,0,0
BRDA:285,31,1,0
BRDA:287,32,0,0
BRDA:287,33,0,0
BRDA:287,33,1,0
BRDA:287,33,2,0
BRDA:290,34,0,0
BRDA:290,35,0,0
BRDA:290,35,1,0
BRDA:290,35,2,0
BRDA:293,36,0,0
BRDA:293,37,0,0
BRDA:293,37,1,0
BRDA:321,38,0,0
BRDA:342,39,0,0
BRDA:342,40,0,0
BRDA:342,40,1,0
BRDA:345,41,0,0
BRDA:346,42,0,0
BRDA:348,43,0,0
BRDA:348,43,1,0
BRDA:359,44,0,0
BRDA:359,44,1,0
BRF:69
BRH:2
end_of_record
